"Scaffold2" 1884500
"Scaffold2" 1885500
"Scaffold2" 1886500
"Scaffold3" 190500
"Scaffold3" 191500
"Scaffold3" 192500
"Scaffold3" 193500
"Scaffold3" 1264500
"Scaffold3" 2263500
"Scaffold3" 2264500
"Scaffold3" 2265500
"Scaffold3" 2266500
"Scaffold3" 2267500
"Scaffold3" 4210500
"Scaffold5" 2216500
"Scaffold5" 2217500
"Scaffold5" 2218500
"Scaffold9" 703500
"Scaffold9" 705500
"Scaffold9" 1406500
"Scaffold9" 1540500
"Scaffold9" 1541500
"Scaffold9" 1542500
"Scaffold11" 2386500
"Scaffold14" 1236500
"Scaffold14" 1237500
"Scaffold14" 1238500
"Scaffold14" 1239500
"Scaffold17" 11500
"Scaffold19" 485500
"Scaffold19" 1291500
"Scaffold19" 1292500
"Scaffold19" 1293500
"Scaffold19" 1294500
"Scaffold20" 204500
"Scaffold20" 205500
"Scaffold21" 2193500
"Scaffold24" 1374500
"Scaffold24" 1376500
"Scaffold26" 1487500
"Scaffold26" 1947500
"Scaffold31" 900500
"Scaffold32" 440500
"Scaffold32" 441500
"Scaffold32" 1250500
"Scaffold32" 1251500
"Scaffold32" 1252500
"Scaffold32" 1253500
"Scaffold32" 1254500
"Scaffold32" 1316500
"Scaffold32" 1319500
"Scaffold32" 1320500
"Scaffold33" 1417500
"Scaffold38" 873500
"Scaffold39" 1326500
"Scaffold39" 1327500
"Scaffold39" 1328500
"Scaffold42" 813500
"Scaffold42" 814500
"Scaffold43" 894500
"Scaffold43" 1356500
"Scaffold43" 1357500
"Scaffold45" 349500
"Scaffold45" 477500
"Scaffold45" 708500
"Scaffold46" 1670500
"Scaffold56" 833500
"Scaffold56" 1198500
"Scaffold56" 1199500
"Scaffold56" 1200500
"Scaffold57" 955500
"Scaffold58" 500500
"Scaffold58" 1365500
"Scaffold58" 1366500
"Scaffold58" 1367500
"Scaffold59" 845500
"Scaffold60" 399500
"Scaffold60" 400500
"Scaffold65" 774500
"Scaffold65" 1233500
"Scaffold66" 91500
"Scaffold66" 92500
"Scaffold68" 566500
"Scaffold68" 584500
"Scaffold68" 585500
"Scaffold68" 586500
"Scaffold68" 587500
"Scaffold68" 588500
"Scaffold68" 631500
"Scaffold68" 642500
"Scaffold68" 643500
"Scaffold68" 644500
"Scaffold68" 665500
"Scaffold68" 666500
"Scaffold68" 667500
"Scaffold68" 668500
"Scaffold73" 682500
"Scaffold73" 683500
"Scaffold73" 684500
"Scaffold80" 540500
"Scaffold81" 1076500
"Scaffold81" 1077500
"Scaffold82" 283500
"Scaffold82" 284500
"Scaffold82" 285500
"Scaffold82" 286500
"Scaffold84" 1035500
"Scaffold85" 858500
"Scaffold90" 1077500
"Scaffold101" 9500
"Scaffold103" 324500
"Scaffold103" 325500
"Scaffold103" 565500
"Scaffold103" 643500
"Scaffold103" 644500
"Scaffold108" 208500
"Scaffold114" 319500
"Scaffold114" 489500
"Scaffold114" 490500
"Scaffold114" 764500
"Scaffold114" 765500
"Scaffold114" 967500
"Scaffold115" 891500
"Scaffold118" 686500
"Scaffold123" 69500
"Scaffold126" 672500
"Scaffold130" 779500
"Scaffold133" 549500
"Scaffold133" 550500
"Scaffold134" 141500
"Scaffold134" 151500
"Scaffold136" 6500
"Scaffold142" 737500
"Scaffold145" 183500
"Scaffold147" 510500
"Scaffold148" 965500
"Scaffold154" 732500
"Scaffold158" 527500
"Scaffold160" 689500
"Scaffold160" 690500
"Scaffold172" 240500
"Scaffold172" 241500
"Scaffold172" 458500
"Scaffold173" 633500
"Scaffold179" 115500
"Scaffold180" 104500
"Scaffold180" 105500
"Scaffold183" 586500
"Scaffold183" 587500
"Scaffold183" 588500
"Scaffold183" 589500
"Scaffold183" 590500
"Scaffold183" 772500
"Scaffold185" 597500
"Scaffold185" 598500
"Scaffold185" 599500
"Scaffold191" 478500
"Scaffold210" 631500
"Scaffold210" 632500
"Scaffold210" 633500
"Scaffold210" 634500
"Scaffold210" 635500
"Scaffold211" 659500
"Scaffold214" 263500
"Scaffold225" 271500
"Scaffold225" 272500
"Scaffold225" 273500
"Scaffold237" 506500
"Scaffold241" 308500
"Scaffold241" 422500
"Scaffold242" 236500
"Scaffold242" 237500
"Scaffold243" 195500
"Scaffold243" 196500
"Scaffold258" 354500
"Scaffold258" 355500
"Scaffold258" 356500
"Scaffold258" 357500
"Scaffold258" 358500
"Scaffold258" 379500
"Scaffold259" 17500
"Scaffold259" 570500
"Scaffold259" 571500
"Scaffold259" 572500
"Scaffold259" 573500
"Scaffold259" 574500
"Scaffold281" 170500
"Scaffold281" 171500
"Scaffold281" 172500
"Scaffold281" 173500
"Scaffold301" 172500
"Scaffold301" 173500
"Scaffold301" 174500
"Scaffold301" 175500
"Scaffold314" 421500
"Scaffold321" 40500
"Scaffold325" 202500
"Scaffold325" 203500
"Scaffold334" 158500
"Scaffold358" 110500
"Scaffold368" 215500
"Scaffold368" 216500
"Scaffold378" 237500
"Scaffold384" 427500
"Scaffold384" 428500
"Scaffold384" 429500
"Scaffold384" 430500
"Scaffold384" 431500
"Scaffold416" 316500
"Scaffold416" 317500
"Scaffold416" 318500
"Scaffold430" 284500
"Scaffold430" 285500
"Scaffold443" 244500
"Scaffold447" 227500
"Scaffold447" 311500
"Scaffold447" 312500
"Scaffold447" 313500
"Scaffold456" 166500
"Scaffold461" 86500
"Scaffold463" 161500
"Scaffold486" 120500
"Scaffold486" 195500
"Scaffold486" 196500
"Scaffold486" 197500
"Scaffold495" 77500
"Scaffold495" 78500
"Scaffold499" 22500
"Scaffold499" 23500
"Scaffold499" 24500
"Scaffold499" 25500
"Scaffold499" 26500
"Scaffold513" 222500
"Scaffold552" 176500
"Scaffold565" 107500
"Scaffold577" 135500
"Scaffold577" 136500
"Scaffold577" 137500
"Scaffold577" 138500
"Scaffold577" 139500
"Scaffold581" 59500
"Scaffold598" 71500
"Scaffold598" 72500
"Scaffold613" 177500
"Scaffold617" 83500
"Scaffold617" 84500
"Scaffold666" 60500
"Scaffold667" 13500
"Scaffold667" 14500
"Scaffold667" 15500
"Scaffold667" 16500
"Scaffold667" 17500
"Scaffold734" 65500
"Scaffold839" 31500
"Scaffold839" 32500
"Scaffold839" 33500
"Scaffold839" 34500
"Scaffold839" 35500
"Scaffold1887" 2500
"Scaffold2346" 2500
"Scaffold3228" 3500
"Scaffold3228" 4500
"Scaffold3987" 2500
