"Scaffold1" 1349500
"Scaffold3" 928500
"Scaffold3" 929500
"Scaffold3" 930500
"Scaffold3" 931500
"Scaffold3" 932500
"Scaffold3" 940500
"Scaffold3" 941500
"Scaffold3" 949500
"Scaffold3" 950500
"Scaffold3" 951500
"Scaffold3" 952500
"Scaffold3" 992500
"Scaffold3" 993500
"Scaffold3" 994500
"Scaffold3" 995500
"Scaffold3" 1008500
"Scaffold3" 1009500
"Scaffold3" 1013500
"Scaffold3" 1015500
"Scaffold3" 1066500
"Scaffold3" 1067500
"Scaffold3" 1068500
"Scaffold3" 1069500
"Scaffold3" 1139500
"Scaffold3" 1140500
"Scaffold3" 1145500
"Scaffold3" 1146500
"Scaffold3" 1147500
"Scaffold3" 1148500
"Scaffold3" 1149500
"Scaffold3" 1150500
"Scaffold3" 1212500
"Scaffold3" 1216500
"Scaffold3" 1218500
"Scaffold3" 1219500
"Scaffold3" 1220500
"Scaffold3" 1363500
"Scaffold3" 1364500
"Scaffold3" 1417500
"Scaffold3" 1516500
"Scaffold3" 1517500
"Scaffold3" 1518500
"Scaffold3" 1519500
"Scaffold3" 1520500
"Scaffold3" 1521500
"Scaffold3" 1522500
"Scaffold3" 1523500
"Scaffold3" 1740500
"Scaffold3" 1741500
"Scaffold3" 1771500
"Scaffold3" 1813500
"Scaffold3" 1814500
"Scaffold3" 1815500
"Scaffold3" 1816500
"Scaffold3" 1839500
"Scaffold3" 1861500
"Scaffold3" 1885500
"Scaffold3" 1887500
"Scaffold3" 1899500
"Scaffold3" 1900500
"Scaffold3" 1901500
"Scaffold3" 1907500
"Scaffold3" 1908500
"Scaffold3" 1909500
"Scaffold3" 1910500
"Scaffold3" 1911500
"Scaffold3" 1912500
"Scaffold3" 1984500
"Scaffold3" 1985500
"Scaffold3" 2028500
"Scaffold3" 2085500
"Scaffold3" 2086500
"Scaffold3" 2087500
"Scaffold3" 2088500
"Scaffold3" 2089500
"Scaffold3" 2090500
"Scaffold3" 2103500
"Scaffold3" 2104500
"Scaffold3" 2105500
"Scaffold3" 2201500
"Scaffold3" 2301500
"Scaffold3" 2302500
"Scaffold3" 2437500
"Scaffold3" 2438500
"Scaffold3" 2451500
"Scaffold3" 2455500
"Scaffold3" 3537500
"Scaffold3" 3642500
"Scaffold3" 3643500
"Scaffold3" 3644500
"Scaffold3" 3645500
"Scaffold3" 3663500
"Scaffold3" 3664500
"Scaffold3" 3665500
"Scaffold3" 3666500
"Scaffold3" 3667500
"Scaffold3" 3776500
"Scaffold3" 3777500
"Scaffold3" 3778500
"Scaffold3" 3945500
"Scaffold5" 2265500
"Scaffold6" 2388500
"Scaffold6" 2389500
"Scaffold6" 2390500
"Scaffold6" 2391500
"Scaffold6" 2400500
"Scaffold6" 2401500
"Scaffold6" 2402500
"Scaffold6" 2450500
"Scaffold6" 2451500
"Scaffold6" 2452500
"Scaffold6" 2453500
"Scaffold6" 2467500
"Scaffold6" 2513500
"Scaffold6" 2514500
"Scaffold6" 2579500
"Scaffold6" 2584500
"Scaffold6" 2586500
"Scaffold6" 2593500
"Scaffold6" 2594500
"Scaffold6" 2609500
"Scaffold6" 2610500
"Scaffold6" 2611500
"Scaffold6" 2612500
"Scaffold6" 2614500
"Scaffold6" 2616500
"Scaffold6" 2617500
"Scaffold6" 2629500
"Scaffold6" 2664500
"Scaffold6" 2688500
"Scaffold6" 2689500
"Scaffold6" 2690500
"Scaffold6" 2691500
"Scaffold6" 2692500
"Scaffold6" 2699500
"Scaffold6" 2700500
"Scaffold6" 2701500
"Scaffold6" 2706500
"Scaffold6" 2716500
"Scaffold6" 2717500
"Scaffold6" 2718500
"Scaffold6" 2719500
"Scaffold6" 2720500
"Scaffold6" 2721500
"Scaffold6" 2722500
"Scaffold6" 2723500
"Scaffold6" 2724500
"Scaffold6" 2733500
"Scaffold6" 2734500
"Scaffold6" 2735500
"Scaffold6" 2736500
"Scaffold6" 2737500
"Scaffold6" 2770500
"Scaffold6" 2771500
"Scaffold6" 2772500
"Scaffold6" 2773500
"Scaffold6" 2774500
"Scaffold6" 2775500
"Scaffold6" 2776500
"Scaffold6" 2788500
"Scaffold6" 2789500
"Scaffold6" 2790500
"Scaffold6" 2791500
"Scaffold6" 2823500
"Scaffold6" 2898500
"Scaffold6" 2899500
"Scaffold6" 2929500
"Scaffold6" 2930500
"Scaffold6" 2931500
"Scaffold6" 2932500
"Scaffold6" 2933500
"Scaffold6" 2934500
"Scaffold6" 2955500
"Scaffold6" 2956500
"Scaffold6" 2958500
"Scaffold6" 2959500
"Scaffold6" 2972500
"Scaffold6" 2973500
"Scaffold6" 2974500
"Scaffold6" 2975500
"Scaffold6" 2981500
"Scaffold6" 2982500
"Scaffold7" 875500
"Scaffold7" 876500
"Scaffold7" 877500
"Scaffold7" 878500
"Scaffold8" 400500
"Scaffold8" 401500
"Scaffold8" 402500
"Scaffold8" 403500
"Scaffold8" 842500
"Scaffold8" 843500
"Scaffold8" 844500
"Scaffold8" 1131500
"Scaffold8" 1132500
"Scaffold8" 1133500
"Scaffold8" 1134500
"Scaffold8" 1135500
"Scaffold8" 1167500
"Scaffold8" 1168500
"Scaffold8" 1169500
"Scaffold8" 1170500
"Scaffold8" 1171500
"Scaffold8" 1182500
"Scaffold8" 1183500
"Scaffold8" 1184500
"Scaffold8" 1185500
"Scaffold8" 1186500
"Scaffold8" 2189500
"Scaffold8" 2226500
"Scaffold8" 2227500
"Scaffold8" 2284500
"Scaffold8" 2285500
"Scaffold8" 2289500
"Scaffold9" 1408500
"Scaffold9" 1409500
"Scaffold9" 1410500
"Scaffold9" 1411500
"Scaffold9" 1412500
"Scaffold9" 1413500
"Scaffold11" 2386500
"Scaffold11" 2387500
"Scaffold11" 2388500
"Scaffold11" 2389500
"Scaffold11" 2390500
"Scaffold14" 1236500
"Scaffold14" 1237500
"Scaffold14" 1238500
"Scaffold14" 1239500
"Scaffold16" 1586500
"Scaffold17" 735500
"Scaffold17" 736500
"Scaffold17" 737500
"Scaffold17" 738500
"Scaffold17" 739500
"Scaffold17" 742500
"Scaffold17" 743500
"Scaffold17" 1088500
"Scaffold17" 1089500
"Scaffold17" 1090500
"Scaffold17" 1091500
"Scaffold17" 1092500
"Scaffold17" 1093500
"Scaffold17" 1094500
"Scaffold17" 1150500
"Scaffold18" 1728500
"Scaffold18" 1729500
"Scaffold21" 218500
"Scaffold21" 219500
"Scaffold21" 220500
"Scaffold21" 264500
"Scaffold21" 271500
"Scaffold21" 272500
"Scaffold21" 273500
"Scaffold21" 274500
"Scaffold21" 275500
"Scaffold21" 725500
"Scaffold22" 1263500
"Scaffold22" 1264500
"Scaffold25" 1796500
"Scaffold25" 2073500
"Scaffold26" 1540500
"Scaffold26" 1542500
"Scaffold26" 1543500
"Scaffold26" 1544500
"Scaffold26" 1545500
"Scaffold26" 1546500
"Scaffold28" 611500
"Scaffold28" 612500
"Scaffold28" 613500
"Scaffold28" 614500
"Scaffold31" 693500
"Scaffold31" 694500
"Scaffold31" 695500
"Scaffold31" 696500
"Scaffold31" 697500
"Scaffold31" 698500
"Scaffold31" 705500
"Scaffold31" 706500
"Scaffold31" 707500
"Scaffold31" 708500
"Scaffold31" 709500
"Scaffold31" 710500
"Scaffold31" 711500
"Scaffold32" 447500
"Scaffold32" 448500
"Scaffold32" 449500
"Scaffold32" 450500
"Scaffold32" 1324500
"Scaffold32" 1325500
"Scaffold34" 452500
"Scaffold34" 453500
"Scaffold34" 454500
"Scaffold35" 1099500
"Scaffold35" 1100500
"Scaffold35" 1101500
"Scaffold35" 1102500
"Scaffold36" 362500
"Scaffold39" 449500
"Scaffold39" 867500
"Scaffold39" 868500
"Scaffold39" 869500
"Scaffold39" 870500
"Scaffold39" 871500
"Scaffold42" 1192500
"Scaffold43" 1820500
"Scaffold43" 1821500
"Scaffold45" 131500
"Scaffold45" 132500
"Scaffold45" 133500
"Scaffold45" 169500
"Scaffold45" 170500
"Scaffold45" 190500
"Scaffold45" 279500
"Scaffold45" 285500
"Scaffold45" 286500
"Scaffold45" 322500
"Scaffold45" 323500
"Scaffold45" 324500
"Scaffold45" 326500
"Scaffold45" 329500
"Scaffold45" 330500
"Scaffold45" 349500
"Scaffold45" 373500
"Scaffold45" 374500
"Scaffold45" 375500
"Scaffold45" 377500
"Scaffold45" 436500
"Scaffold45" 437500
"Scaffold45" 440500
"Scaffold45" 444500
"Scaffold45" 445500
"Scaffold45" 446500
"Scaffold45" 447500
"Scaffold45" 448500
"Scaffold45" 474500
"Scaffold45" 475500
"Scaffold45" 476500
"Scaffold45" 477500
"Scaffold45" 478500
"Scaffold45" 491500
"Scaffold45" 493500
"Scaffold45" 530500
"Scaffold45" 531500
"Scaffold45" 532500
"Scaffold45" 533500
"Scaffold45" 534500
"Scaffold45" 563500
"Scaffold45" 564500
"Scaffold45" 565500
"Scaffold45" 566500
"Scaffold45" 567500
"Scaffold45" 568500
"Scaffold45" 569500
"Scaffold45" 570500
"Scaffold45" 571500
"Scaffold45" 572500
"Scaffold45" 585500
"Scaffold45" 586500
"Scaffold45" 587500
"Scaffold45" 588500
"Scaffold45" 589500
"Scaffold45" 616500
"Scaffold45" 617500
"Scaffold45" 618500
"Scaffold45" 679500
"Scaffold45" 680500
"Scaffold45" 681500
"Scaffold45" 682500
"Scaffold45" 683500
"Scaffold45" 694500
"Scaffold45" 695500
"Scaffold45" 696500
"Scaffold45" 697500
"Scaffold45" 698500
"Scaffold45" 700500
"Scaffold45" 701500
"Scaffold45" 702500
"Scaffold45" 703500
"Scaffold45" 704500
"Scaffold45" 705500
"Scaffold45" 706500
"Scaffold45" 707500
"Scaffold45" 708500
"Scaffold45" 720500
"Scaffold45" 721500
"Scaffold45" 722500
"Scaffold45" 723500
"Scaffold45" 724500
"Scaffold45" 735500
"Scaffold45" 736500
"Scaffold45" 765500
"Scaffold45" 767500
"Scaffold45" 768500
"Scaffold45" 769500
"Scaffold45" 770500
"Scaffold45" 785500
"Scaffold45" 786500
"Scaffold45" 787500
"Scaffold45" 939500
"Scaffold45" 1056500
"Scaffold45" 1057500
"Scaffold45" 1064500
"Scaffold45" 1065500
"Scaffold45" 1066500
"Scaffold45" 1067500
"Scaffold45" 1086500
"Scaffold45" 1087500
"Scaffold45" 1127500
"Scaffold45" 1128500
"Scaffold45" 1129500
"Scaffold45" 1130500
"Scaffold45" 1131500
"Scaffold45" 1143500
"Scaffold45" 1144500
"Scaffold45" 1145500
"Scaffold45" 1146500
"Scaffold45" 1170500
"Scaffold45" 1171500
"Scaffold45" 1172500
"Scaffold45" 1173500
"Scaffold45" 1174500
"Scaffold45" 1175500
"Scaffold45" 1176500
"Scaffold45" 1177500
"Scaffold45" 1178500
"Scaffold45" 1179500
"Scaffold45" 1180500
"Scaffold45" 1181500
"Scaffold45" 1182500
"Scaffold45" 1183500
"Scaffold45" 1184500
"Scaffold45" 1203500
"Scaffold45" 1231500
"Scaffold45" 1232500
"Scaffold45" 1233500
"Scaffold45" 1243500
"Scaffold45" 1252500
"Scaffold45" 1253500
"Scaffold45" 1254500
"Scaffold45" 1255500
"Scaffold45" 1256500
"Scaffold45" 1257500
"Scaffold45" 1258500
"Scaffold45" 1259500
"Scaffold45" 1274500
"Scaffold45" 1313500
"Scaffold45" 1320500
"Scaffold45" 1324500
"Scaffold45" 1325500
"Scaffold45" 1347500
"Scaffold47" 736500
"Scaffold47" 737500
"Scaffold47" 738500
"Scaffold47" 739500
"Scaffold47" 740500
"Scaffold48" 1319500
"Scaffold48" 1320500
"Scaffold51" 249500
"Scaffold51" 250500
"Scaffold51" 251500
"Scaffold52" 521500
"Scaffold52" 1468500
"Scaffold52" 1469500
"Scaffold54" 426500
"Scaffold54" 427500
"Scaffold55" 148500
"Scaffold56" 389500
"Scaffold56" 390500
"Scaffold56" 391500
"Scaffold56" 833500
"Scaffold56" 870500
"Scaffold57" 360500
"Scaffold59" 249500
"Scaffold59" 250500
"Scaffold59" 251500
"Scaffold59" 252500
"Scaffold59" 253500
"Scaffold59" 262500
"Scaffold59" 628500
"Scaffold59" 629500
"Scaffold59" 853500
"Scaffold62" 1115500
"Scaffold62" 1208500
"Scaffold62" 1209500
"Scaffold62" 1210500
"Scaffold62" 1211500
"Scaffold62" 1212500
"Scaffold62" 1213500
"Scaffold62" 1214500
"Scaffold62" 1215500
"Scaffold65" 436500
"Scaffold66" 427500
"Scaffold66" 428500
"Scaffold66" 440500
"Scaffold66" 441500
"Scaffold66" 442500
"Scaffold66" 443500
"Scaffold66" 444500
"Scaffold66" 445500
"Scaffold67" 613500
"Scaffold71" 585500
"Scaffold78" 348500
"Scaffold78" 349500
"Scaffold78" 350500
"Scaffold78" 351500
"Scaffold78" 352500
"Scaffold78" 358500
"Scaffold78" 359500
"Scaffold80" 186500
"Scaffold80" 187500
"Scaffold80" 188500
"Scaffold82" 280500
"Scaffold82" 281500
"Scaffold82" 282500
"Scaffold82" 283500
"Scaffold82" 532500
"Scaffold82" 534500
"Scaffold82" 535500
"Scaffold82" 545500
"Scaffold82" 546500
"Scaffold83" 7500
"Scaffold83" 8500
"Scaffold83" 9500
"Scaffold83" 10500
"Scaffold83" 11500
"Scaffold84" 233500
"Scaffold84" 234500
"Scaffold84" 558500
"Scaffold84" 559500
"Scaffold84" 957500
"Scaffold84" 958500
"Scaffold84" 959500
"Scaffold84" 962500
"Scaffold84" 963500
"Scaffold84" 964500
"Scaffold84" 983500
"Scaffold84" 984500
"Scaffold84" 985500
"Scaffold84" 986500
"Scaffold84" 987500
"Scaffold84" 990500
"Scaffold84" 991500
"Scaffold84" 992500
"Scaffold84" 993500
"Scaffold84" 994500
"Scaffold84" 995500
"Scaffold84" 996500
"Scaffold84" 997500
"Scaffold84" 1008500
"Scaffold84" 1009500
"Scaffold84" 1011500
"Scaffold84" 1012500
"Scaffold84" 1013500
"Scaffold84" 1014500
"Scaffold84" 1015500
"Scaffold84" 1030500
"Scaffold84" 1031500
"Scaffold84" 1032500
"Scaffold84" 1033500
"Scaffold84" 1034500
"Scaffold84" 1035500
"Scaffold84" 1038500
"Scaffold84" 1039500
"Scaffold84" 1058500
"Scaffold84" 1059500
"Scaffold84" 1061500
"Scaffold84" 1062500
"Scaffold84" 1074500
"Scaffold84" 1075500
"Scaffold84" 1076500
"Scaffold84" 1077500
"Scaffold84" 1078500
"Scaffold84" 1079500
"Scaffold84" 1084500
"Scaffold84" 1085500
"Scaffold84" 1086500
"Scaffold84" 1087500
"Scaffold84" 1088500
"Scaffold84" 1089500
"Scaffold84" 1090500
"Scaffold84" 1094500
"Scaffold84" 1105500
"Scaffold84" 1125500
"Scaffold84" 1126500
"Scaffold84" 1128500
"Scaffold84" 1129500
"Scaffold84" 1130500
"Scaffold84" 1131500
"Scaffold84" 1132500
"Scaffold84" 1133500
"Scaffold84" 1134500
"Scaffold84" 1135500
"Scaffold84" 1136500
"Scaffold84" 1137500
"Scaffold84" 1145500
"Scaffold84" 1146500
"Scaffold84" 1147500
"Scaffold84" 1149500
"Scaffold84" 1155500
"Scaffold84" 1156500
"Scaffold84" 1157500
"Scaffold84" 1158500
"Scaffold84" 1185500
"Scaffold84" 1186500
"Scaffold84" 1187500
"Scaffold84" 1190500
"Scaffold85" 21500
"Scaffold85" 22500
"Scaffold85" 23500
"Scaffold85" 59500
"Scaffold85" 60500
"Scaffold85" 61500
"Scaffold85" 73500
"Scaffold85" 135500
"Scaffold85" 136500
"Scaffold85" 137500
"Scaffold85" 138500
"Scaffold85" 139500
"Scaffold85" 150500
"Scaffold85" 151500
"Scaffold85" 152500
"Scaffold85" 153500
"Scaffold85" 154500
"Scaffold85" 155500
"Scaffold85" 324500
"Scaffold85" 334500
"Scaffold85" 335500
"Scaffold85" 401500
"Scaffold85" 402500
"Scaffold85" 403500
"Scaffold85" 404500
"Scaffold85" 405500
"Scaffold85" 406500
"Scaffold85" 407500
"Scaffold85" 408500
"Scaffold85" 416500
"Scaffold85" 417500
"Scaffold85" 418500
"Scaffold85" 424500
"Scaffold85" 443500
"Scaffold85" 444500
"Scaffold85" 447500
"Scaffold85" 450500
"Scaffold85" 451500
"Scaffold85" 452500
"Scaffold85" 453500
"Scaffold85" 454500
"Scaffold85" 524500
"Scaffold85" 534500
"Scaffold85" 554500
"Scaffold85" 555500
"Scaffold85" 556500
"Scaffold85" 609500
"Scaffold85" 610500
"Scaffold85" 611500
"Scaffold85" 640500
"Scaffold85" 641500
"Scaffold85" 642500
"Scaffold85" 643500
"Scaffold85" 644500
"Scaffold85" 657500
"Scaffold85" 658500
"Scaffold85" 659500
"Scaffold85" 660500
"Scaffold85" 661500
"Scaffold85" 662500
"Scaffold85" 680500
"Scaffold85" 743500
"Scaffold85" 744500
"Scaffold85" 745500
"Scaffold85" 746500
"Scaffold85" 750500
"Scaffold85" 751500
"Scaffold85" 832500
"Scaffold85" 833500
"Scaffold85" 846500
"Scaffold85" 847500
"Scaffold85" 848500
"Scaffold85" 849500
"Scaffold85" 858500
"Scaffold85" 860500
"Scaffold85" 964500
"Scaffold89" 867500
"Scaffold89" 869500
"Scaffold89" 870500
"Scaffold89" 871500
"Scaffold91" 964500
"Scaffold91" 965500
"Scaffold91" 966500
"Scaffold91" 967500
"Scaffold91" 968500
"Scaffold91" 1113500
"Scaffold92" 746500
"Scaffold92" 801500
"Scaffold92" 802500
"Scaffold93" 584500
"Scaffold93" 585500
"Scaffold93" 586500
"Scaffold93" 587500
"Scaffold94" 479500
"Scaffold94" 480500
"Scaffold94" 481500
"Scaffold94" 482500
"Scaffold94" 483500
"Scaffold94" 489500
"Scaffold94" 490500
"Scaffold97" 860500
"Scaffold97" 911500
"Scaffold97" 912500
"Scaffold97" 913500
"Scaffold97" 914500
"Scaffold97" 915500
"Scaffold97" 916500
"Scaffold99" 622500
"Scaffold99" 1156500
"Scaffold99" 1157500
"Scaffold103" 210500
"Scaffold103" 243500
"Scaffold103" 244500
"Scaffold103" 250500
"Scaffold103" 297500
"Scaffold103" 298500
"Scaffold103" 300500
"Scaffold103" 301500
"Scaffold103" 302500
"Scaffold103" 303500
"Scaffold103" 304500
"Scaffold103" 392500
"Scaffold103" 393500
"Scaffold103" 403500
"Scaffold103" 404500
"Scaffold103" 405500
"Scaffold103" 406500
"Scaffold103" 407500
"Scaffold103" 415500
"Scaffold103" 416500
"Scaffold103" 417500
"Scaffold103" 418500
"Scaffold103" 419500
"Scaffold103" 420500
"Scaffold103" 421500
"Scaffold103" 422500
"Scaffold103" 423500
"Scaffold103" 424500
"Scaffold103" 434500
"Scaffold103" 435500
"Scaffold103" 537500
"Scaffold103" 538500
"Scaffold103" 539500
"Scaffold103" 540500
"Scaffold103" 551500
"Scaffold103" 565500
"Scaffold103" 628500
"Scaffold103" 629500
"Scaffold103" 668500
"Scaffold103" 669500
"Scaffold103" 670500
"Scaffold103" 671500
"Scaffold103" 672500
"Scaffold103" 706500
"Scaffold103" 709500
"Scaffold103" 710500
"Scaffold103" 762500
"Scaffold103" 763500
"Scaffold103" 773500
"Scaffold103" 774500
"Scaffold103" 974500
"Scaffold103" 975500
"Scaffold103" 976500
"Scaffold103" 977500
"Scaffold103" 978500
"Scaffold103" 983500
"Scaffold103" 984500
"Scaffold103" 985500
"Scaffold103" 986500
"Scaffold103" 987500
"Scaffold103" 1014500
"Scaffold103" 1015500
"Scaffold103" 1026500
"Scaffold103" 1033500
"Scaffold103" 1034500
"Scaffold103" 1035500
"Scaffold103" 1036500
"Scaffold103" 1037500
"Scaffold103" 1038500
"Scaffold103" 1039500
"Scaffold104" 431500
"Scaffold104" 432500
"Scaffold104" 433500
"Scaffold104" 435500
"Scaffold111" 21500
"Scaffold111" 22500
"Scaffold111" 23500
"Scaffold111" 24500
"Scaffold111" 25500
"Scaffold113" 513500
"Scaffold113" 514500
"Scaffold113" 515500
"Scaffold113" 516500
"Scaffold113" 517500
"Scaffold113" 775500
"Scaffold114" 15500
"Scaffold114" 17500
"Scaffold114" 18500
"Scaffold114" 19500
"Scaffold114" 20500
"Scaffold114" 21500
"Scaffold114" 22500
"Scaffold114" 38500
"Scaffold114" 39500
"Scaffold114" 40500
"Scaffold114" 41500
"Scaffold114" 42500
"Scaffold114" 45500
"Scaffold114" 46500
"Scaffold114" 47500
"Scaffold114" 48500
"Scaffold114" 49500
"Scaffold114" 63500
"Scaffold114" 64500
"Scaffold114" 66500
"Scaffold114" 67500
"Scaffold114" 70500
"Scaffold114" 94500
"Scaffold114" 95500
"Scaffold114" 96500
"Scaffold114" 114500
"Scaffold114" 115500
"Scaffold114" 116500
"Scaffold114" 117500
"Scaffold114" 186500
"Scaffold114" 187500
"Scaffold114" 188500
"Scaffold114" 189500
"Scaffold114" 190500
"Scaffold114" 288500
"Scaffold114" 289500
"Scaffold114" 290500
"Scaffold114" 291500
"Scaffold114" 292500
"Scaffold114" 293500
"Scaffold114" 359500
"Scaffold114" 360500
"Scaffold114" 361500
"Scaffold114" 362500
"Scaffold114" 363500
"Scaffold114" 391500
"Scaffold114" 392500
"Scaffold114" 393500
"Scaffold114" 414500
"Scaffold114" 416500
"Scaffold114" 417500
"Scaffold114" 418500
"Scaffold114" 419500
"Scaffold114" 420500
"Scaffold114" 421500
"Scaffold114" 422500
"Scaffold114" 441500
"Scaffold114" 442500
"Scaffold114" 443500
"Scaffold114" 444500
"Scaffold114" 445500
"Scaffold114" 502500
"Scaffold114" 503500
"Scaffold114" 504500
"Scaffold114" 510500
"Scaffold114" 511500
"Scaffold114" 512500
"Scaffold114" 513500
"Scaffold114" 514500
"Scaffold114" 515500
"Scaffold114" 517500
"Scaffold114" 518500
"Scaffold114" 519500
"Scaffold114" 521500
"Scaffold114" 525500
"Scaffold114" 533500
"Scaffold114" 534500
"Scaffold114" 535500
"Scaffold114" 542500
"Scaffold114" 543500
"Scaffold114" 544500
"Scaffold114" 545500
"Scaffold114" 546500
"Scaffold114" 547500
"Scaffold114" 548500
"Scaffold114" 558500
"Scaffold114" 559500
"Scaffold114" 560500
"Scaffold114" 561500
"Scaffold114" 562500
"Scaffold114" 563500
"Scaffold114" 569500
"Scaffold114" 570500
"Scaffold114" 571500
"Scaffold114" 572500
"Scaffold114" 573500
"Scaffold114" 574500
"Scaffold114" 575500
"Scaffold114" 576500
"Scaffold114" 577500
"Scaffold114" 578500
"Scaffold114" 584500
"Scaffold114" 585500
"Scaffold114" 598500
"Scaffold114" 599500
"Scaffold114" 600500
"Scaffold114" 601500
"Scaffold114" 602500
"Scaffold114" 603500
"Scaffold114" 604500
"Scaffold114" 605500
"Scaffold114" 606500
"Scaffold114" 607500
"Scaffold114" 614500
"Scaffold114" 615500
"Scaffold114" 616500
"Scaffold114" 617500
"Scaffold114" 621500
"Scaffold114" 631500
"Scaffold114" 643500
"Scaffold114" 655500
"Scaffold114" 656500
"Scaffold114" 663500
"Scaffold114" 664500
"Scaffold114" 720500
"Scaffold114" 721500
"Scaffold114" 726500
"Scaffold114" 727500
"Scaffold114" 744500
"Scaffold114" 745500
"Scaffold114" 760500
"Scaffold114" 761500
"Scaffold114" 762500
"Scaffold114" 763500
"Scaffold114" 764500
"Scaffold114" 765500
"Scaffold114" 766500
"Scaffold114" 767500
"Scaffold115" 385500
"Scaffold115" 386500
"Scaffold115" 389500
"Scaffold115" 891500
"Scaffold116" 132500
"Scaffold116" 133500
"Scaffold118" 8500
"Scaffold118" 9500
"Scaffold118" 10500
"Scaffold120" 159500
"Scaffold120" 310500
"Scaffold121" 38500
"Scaffold121" 39500
"Scaffold124" 818500
"Scaffold124" 819500
"Scaffold125" 773500
"Scaffold130" 303500
"Scaffold130" 304500
"Scaffold130" 305500
"Scaffold133" 846500
"Scaffold133" 848500
"Scaffold134" 158500
"Scaffold134" 159500
"Scaffold134" 160500
"Scaffold134" 161500
"Scaffold134" 167500
"Scaffold134" 168500
"Scaffold134" 169500
"Scaffold134" 170500
"Scaffold134" 171500
"Scaffold134" 172500
"Scaffold134" 818500
"Scaffold134" 819500
"Scaffold137" 93500
"Scaffold137" 94500
"Scaffold137" 95500
"Scaffold137" 723500
"Scaffold137" 776500
"Scaffold137" 777500
"Scaffold137" 778500
"Scaffold137" 779500
"Scaffold138" 340500
"Scaffold141" 106500
"Scaffold141" 107500
"Scaffold143" 2500
"Scaffold143" 3500
"Scaffold143" 4500
"Scaffold147" 80500
"Scaffold147" 81500
"Scaffold147" 82500
"Scaffold147" 990500
"Scaffold147" 991500
"Scaffold148" 648500
"Scaffold148" 649500
"Scaffold148" 650500
"Scaffold148" 651500
"Scaffold148" 652500
"Scaffold148" 653500
"Scaffold148" 655500
"Scaffold148" 656500
"Scaffold148" 657500
"Scaffold148" 658500
"Scaffold148" 659500
"Scaffold148" 660500
"Scaffold148" 665500
"Scaffold148" 666500
"Scaffold148" 667500
"Scaffold148" 668500
"Scaffold148" 669500
"Scaffold148" 670500
"Scaffold148" 965500
"Scaffold152" 731500
"Scaffold152" 732500
"Scaffold152" 733500
"Scaffold152" 734500
"Scaffold152" 735500
"Scaffold152" 736500
"Scaffold152" 737500
"Scaffold152" 739500
"Scaffold152" 740500
"Scaffold152" 741500
"Scaffold154" 197500
"Scaffold154" 214500
"Scaffold154" 215500
"Scaffold154" 216500
"Scaffold154" 217500
"Scaffold154" 218500
"Scaffold154" 219500
"Scaffold154" 220500
"Scaffold154" 468500
"Scaffold159" 620500
"Scaffold160" 58500
"Scaffold160" 61500
"Scaffold160" 62500
"Scaffold160" 76500
"Scaffold160" 128500
"Scaffold160" 129500
"Scaffold160" 130500
"Scaffold160" 131500
"Scaffold160" 133500
"Scaffold160" 134500
"Scaffold160" 135500
"Scaffold160" 136500
"Scaffold160" 137500
"Scaffold160" 138500
"Scaffold160" 139500
"Scaffold160" 150500
"Scaffold160" 158500
"Scaffold160" 183500
"Scaffold160" 184500
"Scaffold160" 185500
"Scaffold160" 186500
"Scaffold160" 187500
"Scaffold160" 208500
"Scaffold160" 209500
"Scaffold160" 210500
"Scaffold160" 232500
"Scaffold160" 233500
"Scaffold160" 234500
"Scaffold160" 235500
"Scaffold160" 236500
"Scaffold160" 237500
"Scaffold160" 238500
"Scaffold160" 240500
"Scaffold160" 241500
"Scaffold160" 243500
"Scaffold160" 244500
"Scaffold160" 245500
"Scaffold160" 246500
"Scaffold160" 247500
"Scaffold160" 251500
"Scaffold160" 252500
"Scaffold160" 253500
"Scaffold160" 290500
"Scaffold160" 291500
"Scaffold160" 304500
"Scaffold160" 305500
"Scaffold160" 306500
"Scaffold160" 307500
"Scaffold160" 308500
"Scaffold160" 309500
"Scaffold160" 419500
"Scaffold160" 430500
"Scaffold160" 431500
"Scaffold160" 432500
"Scaffold160" 433500
"Scaffold160" 434500
"Scaffold160" 435500
"Scaffold160" 436500
"Scaffold160" 437500
"Scaffold160" 438500
"Scaffold160" 439500
"Scaffold160" 468500
"Scaffold160" 474500
"Scaffold160" 475500
"Scaffold160" 476500
"Scaffold160" 477500
"Scaffold160" 481500
"Scaffold160" 502500
"Scaffold160" 503500
"Scaffold160" 509500
"Scaffold160" 510500
"Scaffold160" 511500
"Scaffold160" 512500
"Scaffold160" 513500
"Scaffold160" 518500
"Scaffold160" 519500
"Scaffold160" 520500
"Scaffold160" 521500
"Scaffold160" 522500
"Scaffold160" 523500
"Scaffold160" 524500
"Scaffold160" 525500
"Scaffold160" 526500
"Scaffold160" 527500
"Scaffold160" 528500
"Scaffold160" 529500
"Scaffold160" 530500
"Scaffold160" 535500
"Scaffold160" 591500
"Scaffold160" 592500
"Scaffold160" 612500
"Scaffold160" 613500
"Scaffold160" 614500
"Scaffold160" 615500
"Scaffold160" 616500
"Scaffold160" 634500
"Scaffold160" 648500
"Scaffold160" 649500
"Scaffold160" 650500
"Scaffold160" 651500
"Scaffold160" 652500
"Scaffold160" 700500
"Scaffold160" 728500
"Scaffold160" 729500
"Scaffold160" 730500
"Scaffold160" 761500
"Scaffold160" 762500
"Scaffold160" 763500
"Scaffold160" 764500
"Scaffold160" 765500
"Scaffold160" 780500
"Scaffold160" 793500
"Scaffold160" 794500
"Scaffold161" 9500
"Scaffold161" 10500
"Scaffold163" 29500
"Scaffold163" 30500
"Scaffold163" 255500
"Scaffold163" 256500
"Scaffold163" 275500
"Scaffold163" 407500
"Scaffold163" 408500
"Scaffold163" 409500
"Scaffold163" 410500
"Scaffold163" 562500
"Scaffold163" 563500
"Scaffold163" 741500
"Scaffold169" 858500
"Scaffold169" 859500
"Scaffold169" 860500
"Scaffold169" 904500
"Scaffold173" 630500
"Scaffold173" 631500
"Scaffold173" 632500
"Scaffold173" 633500
"Scaffold173" 645500
"Scaffold173" 646500
"Scaffold173" 647500
"Scaffold173" 648500
"Scaffold173" 649500
"Scaffold173" 650500
"Scaffold173" 651500
"Scaffold173" 652500
"Scaffold173" 673500
"Scaffold174" 261500
"Scaffold174" 262500
"Scaffold174" 723500
"Scaffold175" 397500
"Scaffold175" 398500
"Scaffold175" 399500
"Scaffold186" 673500
"Scaffold186" 674500
"Scaffold186" 675500
"Scaffold187" 25500
"Scaffold187" 26500
"Scaffold187" 27500
"Scaffold187" 28500
"Scaffold187" 29500
"Scaffold187" 30500
"Scaffold187" 31500
"Scaffold187" 53500
"Scaffold187" 54500
"Scaffold187" 55500
"Scaffold187" 56500
"Scaffold187" 57500
"Scaffold187" 58500
"Scaffold187" 59500
"Scaffold187" 60500
"Scaffold187" 61500
"Scaffold187" 144500
"Scaffold187" 145500
"Scaffold189" 457500
"Scaffold189" 459500
"Scaffold189" 460500
"Scaffold189" 463500
"Scaffold189" 464500
"Scaffold189" 465500
"Scaffold189" 466500
"Scaffold189" 472500
"Scaffold189" 473500
"Scaffold189" 477500
"Scaffold189" 478500
"Scaffold189" 479500
"Scaffold189" 480500
"Scaffold191" 138500
"Scaffold191" 139500
"Scaffold191" 140500
"Scaffold191" 141500
"Scaffold191" 142500
"Scaffold191" 143500
"Scaffold191" 157500
"Scaffold197" 99500
"Scaffold199" 705500
"Scaffold199" 706500
"Scaffold200" 416500
"Scaffold205" 99500
"Scaffold205" 100500
"Scaffold205" 108500
"Scaffold205" 109500
"Scaffold205" 114500
"Scaffold208" 18500
"Scaffold208" 19500
"Scaffold208" 27500
"Scaffold208" 28500
"Scaffold208" 29500
"Scaffold208" 30500
"Scaffold208" 31500
"Scaffold208" 35500
"Scaffold208" 36500
"Scaffold208" 37500
"Scaffold208" 38500
"Scaffold208" 39500
"Scaffold208" 105500
"Scaffold208" 106500
"Scaffold208" 107500
"Scaffold215" 372500
"Scaffold217" 409500
"Scaffold217" 410500
"Scaffold219" 760500
"Scaffold219" 761500
"Scaffold221" 203500
"Scaffold221" 204500
"Scaffold221" 210500
"Scaffold222" 319500
"Scaffold222" 320500
"Scaffold225" 229500
"Scaffold225" 271500
"Scaffold225" 272500
"Scaffold225" 273500
"Scaffold226" 718500
"Scaffold226" 720500
"Scaffold226" 721500
"Scaffold226" 722500
"Scaffold227" 196500
"Scaffold227" 197500
"Scaffold227" 198500
"Scaffold227" 199500
"Scaffold227" 200500
"Scaffold228" 310500
"Scaffold228" 311500
"Scaffold228" 312500
"Scaffold228" 313500
"Scaffold230" 76500
"Scaffold231" 139500
"Scaffold232" 8500
"Scaffold232" 9500
"Scaffold232" 10500
"Scaffold232" 427500
"Scaffold233" 338500
"Scaffold235" 12500
"Scaffold235" 15500
"Scaffold235" 16500
"Scaffold235" 17500
"Scaffold235" 167500
"Scaffold235" 168500
"Scaffold241" 24500
"Scaffold241" 116500
"Scaffold241" 117500
"Scaffold241" 118500
"Scaffold241" 251500
"Scaffold241" 260500
"Scaffold241" 279500
"Scaffold241" 280500
"Scaffold241" 282500
"Scaffold241" 283500
"Scaffold241" 284500
"Scaffold241" 285500
"Scaffold241" 286500
"Scaffold241" 287500
"Scaffold241" 288500
"Scaffold241" 300500
"Scaffold241" 301500
"Scaffold241" 302500
"Scaffold241" 386500
"Scaffold241" 387500
"Scaffold241" 388500
"Scaffold241" 466500
"Scaffold241" 474500
"Scaffold242" 225500
"Scaffold242" 226500
"Scaffold242" 227500
"Scaffold242" 228500
"Scaffold242" 229500
"Scaffold242" 236500
"Scaffold242" 237500
"Scaffold242" 239500
"Scaffold242" 240500
"Scaffold243" 2500
"Scaffold243" 3500
"Scaffold243" 4500
"Scaffold243" 46500
"Scaffold243" 47500
"Scaffold243" 109500
"Scaffold243" 116500
"Scaffold243" 117500
"Scaffold243" 118500
"Scaffold243" 119500
"Scaffold243" 120500
"Scaffold243" 123500
"Scaffold243" 124500
"Scaffold243" 125500
"Scaffold243" 126500
"Scaffold243" 127500
"Scaffold243" 128500
"Scaffold243" 171500
"Scaffold243" 172500
"Scaffold243" 173500
"Scaffold243" 175500
"Scaffold243" 179500
"Scaffold243" 180500
"Scaffold243" 210500
"Scaffold243" 211500
"Scaffold243" 212500
"Scaffold243" 213500
"Scaffold243" 214500
"Scaffold243" 237500
"Scaffold243" 268500
"Scaffold243" 269500
"Scaffold243" 270500
"Scaffold243" 271500
"Scaffold243" 272500
"Scaffold243" 273500
"Scaffold243" 316500
"Scaffold243" 317500
"Scaffold243" 318500
"Scaffold243" 319500
"Scaffold243" 358500
"Scaffold243" 359500
"Scaffold243" 365500
"Scaffold243" 366500
"Scaffold243" 367500
"Scaffold243" 368500
"Scaffold243" 369500
"Scaffold243" 370500
"Scaffold243" 371500
"Scaffold243" 372500
"Scaffold243" 387500
"Scaffold243" 388500
"Scaffold243" 389500
"Scaffold243" 390500
"Scaffold243" 401500
"Scaffold243" 402500
"Scaffold243" 418500
"Scaffold243" 419500
"Scaffold243" 420500
"Scaffold243" 421500
"Scaffold243" 422500
"Scaffold243" 423500
"Scaffold243" 424500
"Scaffold243" 425500
"Scaffold243" 426500
"Scaffold243" 427500
"Scaffold243" 455500
"Scaffold243" 456500
"Scaffold243" 457500
"Scaffold243" 458500
"Scaffold243" 459500
"Scaffold243" 470500
"Scaffold243" 471500
"Scaffold243" 472500
"Scaffold243" 473500
"Scaffold243" 474500
"Scaffold243" 496500
"Scaffold243" 497500
"Scaffold243" 498500
"Scaffold243" 506500
"Scaffold243" 507500
"Scaffold243" 525500
"Scaffold243" 533500
"Scaffold243" 535500
"Scaffold243" 536500
"Scaffold243" 537500
"Scaffold243" 548500
"Scaffold243" 549500
"Scaffold243" 550500
"Scaffold243" 551500
"Scaffold243" 577500
"Scaffold253" 76500
"Scaffold253" 83500
"Scaffold253" 84500
"Scaffold253" 85500
"Scaffold253" 86500
"Scaffold253" 87500
"Scaffold253" 88500
"Scaffold253" 89500
"Scaffold253" 92500
"Scaffold253" 96500
"Scaffold253" 97500
"Scaffold253" 98500
"Scaffold253" 99500
"Scaffold253" 100500
"Scaffold253" 101500
"Scaffold253" 102500
"Scaffold253" 103500
"Scaffold253" 104500
"Scaffold253" 106500
"Scaffold253" 107500
"Scaffold253" 108500
"Scaffold253" 109500
"Scaffold253" 110500
"Scaffold253" 111500
"Scaffold253" 112500
"Scaffold253" 113500
"Scaffold253" 124500
"Scaffold253" 125500
"Scaffold253" 126500
"Scaffold253" 127500
"Scaffold253" 129500
"Scaffold253" 130500
"Scaffold253" 131500
"Scaffold253" 132500
"Scaffold253" 160500
"Scaffold253" 161500
"Scaffold253" 162500
"Scaffold253" 163500
"Scaffold253" 166500
"Scaffold253" 167500
"Scaffold253" 168500
"Scaffold253" 169500
"Scaffold253" 170500
"Scaffold253" 207500
"Scaffold253" 226500
"Scaffold253" 227500
"Scaffold253" 228500
"Scaffold253" 229500
"Scaffold253" 230500
"Scaffold253" 238500
"Scaffold253" 239500
"Scaffold253" 240500
"Scaffold253" 241500
"Scaffold253" 242500
"Scaffold253" 289500
"Scaffold253" 298500
"Scaffold253" 299500
"Scaffold253" 317500
"Scaffold253" 322500
"Scaffold253" 323500
"Scaffold253" 324500
"Scaffold253" 325500
"Scaffold253" 326500
"Scaffold253" 358500
"Scaffold253" 359500
"Scaffold253" 360500
"Scaffold253" 362500
"Scaffold253" 366500
"Scaffold253" 368500
"Scaffold253" 381500
"Scaffold253" 382500
"Scaffold253" 383500
"Scaffold253" 392500
"Scaffold253" 393500
"Scaffold253" 394500
"Scaffold253" 395500
"Scaffold253" 396500
"Scaffold253" 397500
"Scaffold253" 398500
"Scaffold253" 405500
"Scaffold253" 406500
"Scaffold253" 414500
"Scaffold253" 415500
"Scaffold253" 416500
"Scaffold253" 417500
"Scaffold253" 431500
"Scaffold253" 437500
"Scaffold253" 438500
"Scaffold253" 439500
"Scaffold253" 440500
"Scaffold253" 441500
"Scaffold253" 442500
"Scaffold253" 443500
"Scaffold253" 444500
"Scaffold253" 445500
"Scaffold253" 446500
"Scaffold253" 447500
"Scaffold253" 449500
"Scaffold253" 450500
"Scaffold253" 451500
"Scaffold253" 452500
"Scaffold253" 453500
"Scaffold253" 454500
"Scaffold253" 456500
"Scaffold253" 457500
"Scaffold253" 458500
"Scaffold253" 459500
"Scaffold253" 460500
"Scaffold253" 462500
"Scaffold253" 463500
"Scaffold253" 464500
"Scaffold253" 465500
"Scaffold253" 466500
"Scaffold253" 467500
"Scaffold253" 468500
"Scaffold253" 469500
"Scaffold253" 470500
"Scaffold253" 471500
"Scaffold253" 472500
"Scaffold253" 473500
"Scaffold253" 474500
"Scaffold253" 478500
"Scaffold253" 482500
"Scaffold253" 483500
"Scaffold253" 484500
"Scaffold253" 485500
"Scaffold253" 486500
"Scaffold253" 487500
"Scaffold253" 488500
"Scaffold253" 489500
"Scaffold253" 511500
"Scaffold253" 512500
"Scaffold253" 513500
"Scaffold253" 560500
"Scaffold253" 566500
"Scaffold253" 567500
"Scaffold253" 568500
"Scaffold253" 569500
"Scaffold253" 570500
"Scaffold253" 571500
"Scaffold253" 572500
"Scaffold253" 575500
"Scaffold253" 576500
"Scaffold253" 577500
"Scaffold253" 578500
"Scaffold253" 579500
"Scaffold253" 580500
"Scaffold253" 581500
"Scaffold253" 582500
"Scaffold253" 583500
"Scaffold253" 584500
"Scaffold253" 585500
"Scaffold253" 586500
"Scaffold253" 587500
"Scaffold253" 589500
"Scaffold253" 590500
"Scaffold253" 591500
"Scaffold253" 592500
"Scaffold253" 593500
"Scaffold253" 594500
"Scaffold253" 597500
"Scaffold253" 598500
"Scaffold253" 610500
"Scaffold253" 630500
"Scaffold253" 631500
"Scaffold253" 639500
"Scaffold253" 640500
"Scaffold253" 658500
"Scaffold253" 659500
"Scaffold253" 670500
"Scaffold254" 276500
"Scaffold254" 277500
"Scaffold254" 278500
"Scaffold254" 293500
"Scaffold254" 300500
"Scaffold254" 301500
"Scaffold254" 302500
"Scaffold254" 303500
"Scaffold254" 625500
"Scaffold258" 84500
"Scaffold258" 85500
"Scaffold258" 88500
"Scaffold259" 17500
"Scaffold259" 179500
"Scaffold259" 180500
"Scaffold259" 181500
"Scaffold259" 182500
"Scaffold259" 183500
"Scaffold259" 194500
"Scaffold259" 195500
"Scaffold259" 196500
"Scaffold259" 197500
"Scaffold259" 198500
"Scaffold259" 199500
"Scaffold259" 200500
"Scaffold259" 201500
"Scaffold259" 202500
"Scaffold259" 203500
"Scaffold259" 204500
"Scaffold259" 535500
"Scaffold259" 536500
"Scaffold259" 538500
"Scaffold259" 539500
"Scaffold259" 540500
"Scaffold267" 418500
"Scaffold267" 419500
"Scaffold267" 420500
"Scaffold267" 421500
"Scaffold267" 422500
"Scaffold272" 156500
"Scaffold272" 157500
"Scaffold272" 158500
"Scaffold282" 25500
"Scaffold282" 26500
"Scaffold282" 27500
"Scaffold282" 28500
"Scaffold289" 489500
"Scaffold289" 490500
"Scaffold291" 377500
"Scaffold291" 378500
"Scaffold292" 4500
"Scaffold292" 488500
"Scaffold296" 149500
"Scaffold296" 150500
"Scaffold296" 151500
"Scaffold296" 235500
"Scaffold296" 236500
"Scaffold298" 39500
"Scaffold306" 94500
"Scaffold306" 95500
"Scaffold306" 96500
"Scaffold309" 29500
"Scaffold309" 30500
"Scaffold310" 46500
"Scaffold310" 47500
"Scaffold310" 238500
"Scaffold310" 239500
"Scaffold310" 240500
"Scaffold310" 241500
"Scaffold310" 242500
"Scaffold310" 366500
"Scaffold310" 367500
"Scaffold316" 43500
"Scaffold316" 44500
"Scaffold316" 45500
"Scaffold316" 215500
"Scaffold316" 216500
"Scaffold317" 63500
"Scaffold317" 70500
"Scaffold317" 71500
"Scaffold317" 72500
"Scaffold317" 73500
"Scaffold317" 74500
"Scaffold317" 75500
"Scaffold317" 76500
"Scaffold317" 77500
"Scaffold317" 78500
"Scaffold321" 229500
"Scaffold321" 230500
"Scaffold325" 198500
"Scaffold325" 200500
"Scaffold325" 201500
"Scaffold325" 202500
"Scaffold325" 203500
"Scaffold325" 204500
"Scaffold325" 248500
"Scaffold327" 10500
"Scaffold327" 110500
"Scaffold328" 251500
"Scaffold328" 407500
"Scaffold328" 408500
"Scaffold328" 409500
"Scaffold329" 221500
"Scaffold329" 222500
"Scaffold329" 223500
"Scaffold329" 224500
"Scaffold329" 225500
"Scaffold330" 2500
"Scaffold330" 3500
"Scaffold330" 4500
"Scaffold330" 5500
"Scaffold330" 6500
"Scaffold330" 7500
"Scaffold330" 8500
"Scaffold330" 9500
"Scaffold330" 10500
"Scaffold330" 11500
"Scaffold330" 14500
"Scaffold330" 15500
"Scaffold330" 16500
"Scaffold330" 17500
"Scaffold330" 18500
"Scaffold330" 19500
"Scaffold330" 26500
"Scaffold330" 27500
"Scaffold330" 65500
"Scaffold330" 66500
"Scaffold330" 120500
"Scaffold330" 121500
"Scaffold330" 122500
"Scaffold330" 123500
"Scaffold330" 188500
"Scaffold330" 189500
"Scaffold330" 190500
"Scaffold330" 191500
"Scaffold330" 219500
"Scaffold330" 239500
"Scaffold330" 240500
"Scaffold330" 241500
"Scaffold330" 242500
"Scaffold330" 243500
"Scaffold330" 288500
"Scaffold330" 324500
"Scaffold330" 338500
"Scaffold330" 339500
"Scaffold333" 399500
"Scaffold333" 400500
"Scaffold333" 401500
"Scaffold333" 402500
"Scaffold343" 36500
"Scaffold343" 37500
"Scaffold343" 38500
"Scaffold343" 40500
"Scaffold343" 42500
"Scaffold343" 43500
"Scaffold343" 44500
"Scaffold343" 45500
"Scaffold343" 46500
"Scaffold343" 47500
"Scaffold343" 55500
"Scaffold343" 56500
"Scaffold343" 63500
"Scaffold343" 64500
"Scaffold343" 65500
"Scaffold343" 67500
"Scaffold343" 83500
"Scaffold343" 147500
"Scaffold343" 148500
"Scaffold343" 200500
"Scaffold343" 211500
"Scaffold343" 212500
"Scaffold343" 213500
"Scaffold343" 214500
"Scaffold343" 215500
"Scaffold343" 233500
"Scaffold343" 241500
"Scaffold346" 356500
"Scaffold349" 113500
"Scaffold349" 115500
"Scaffold349" 124500
"Scaffold352" 36500
"Scaffold357" 45500
"Scaffold357" 46500
"Scaffold357" 47500
"Scaffold357" 48500
"Scaffold357" 58500
"Scaffold357" 62500
"Scaffold357" 63500
"Scaffold357" 64500
"Scaffold357" 65500
"Scaffold357" 66500
"Scaffold379" 357500
"Scaffold390" 149500
"Scaffold400" 59500
"Scaffold400" 74500
"Scaffold400" 75500
"Scaffold400" 76500
"Scaffold400" 77500
"Scaffold414" 96500
"Scaffold414" 97500
"Scaffold419" 256500
"Scaffold419" 257500
"Scaffold419" 258500
"Scaffold419" 259500
"Scaffold419" 260500
"Scaffold419" 261500
"Scaffold420" 33500
"Scaffold422" 234500
"Scaffold425" 237500
"Scaffold425" 238500
"Scaffold427" 4500
"Scaffold430" 83500
"Scaffold430" 90500
"Scaffold430" 91500
"Scaffold430" 226500
"Scaffold430" 227500
"Scaffold430" 228500
"Scaffold430" 229500
"Scaffold430" 230500
"Scaffold430" 235500
"Scaffold430" 236500
"Scaffold430" 237500
"Scaffold430" 246500
"Scaffold430" 247500
"Scaffold430" 248500
"Scaffold430" 267500
"Scaffold430" 268500
"Scaffold430" 269500
"Scaffold430" 276500
"Scaffold430" 277500
"Scaffold430" 278500
"Scaffold430" 279500
"Scaffold430" 280500
"Scaffold430" 281500
"Scaffold430" 282500
"Scaffold430" 283500
"Scaffold431" 38500
"Scaffold431" 39500
"Scaffold431" 40500
"Scaffold431" 41500
"Scaffold431" 42500
"Scaffold431" 195500
"Scaffold431" 196500
"Scaffold439" 63500
"Scaffold439" 64500
"Scaffold439" 65500
"Scaffold439" 66500
"Scaffold439" 67500
"Scaffold439" 68500
"Scaffold439" 69500
"Scaffold439" 81500
"Scaffold439" 82500
"Scaffold439" 103500
"Scaffold439" 104500
"Scaffold439" 105500
"Scaffold439" 106500
"Scaffold439" 107500
"Scaffold439" 108500
"Scaffold439" 109500
"Scaffold439" 110500
"Scaffold439" 111500
"Scaffold439" 148500
"Scaffold439" 175500
"Scaffold439" 176500
"Scaffold439" 177500
"Scaffold439" 178500
"Scaffold443" 27500
"Scaffold443" 29500
"Scaffold443" 49500
"Scaffold443" 50500
"Scaffold443" 51500
"Scaffold443" 52500
"Scaffold443" 60500
"Scaffold443" 61500
"Scaffold443" 62500
"Scaffold443" 63500
"Scaffold443" 64500
"Scaffold443" 75500
"Scaffold443" 76500
"Scaffold443" 77500
"Scaffold443" 90500
"Scaffold443" 91500
"Scaffold443" 92500
"Scaffold443" 94500
"Scaffold443" 98500
"Scaffold443" 99500
"Scaffold443" 100500
"Scaffold443" 101500
"Scaffold443" 102500
"Scaffold443" 103500
"Scaffold443" 104500
"Scaffold443" 118500
"Scaffold443" 119500
"Scaffold443" 120500
"Scaffold443" 121500
"Scaffold443" 122500
"Scaffold443" 123500
"Scaffold443" 124500
"Scaffold443" 142500
"Scaffold443" 143500
"Scaffold443" 144500
"Scaffold443" 145500
"Scaffold443" 213500
"Scaffold443" 214500
"Scaffold443" 216500
"Scaffold443" 217500
"Scaffold443" 266500
"Scaffold443" 267500
"Scaffold443" 268500
"Scaffold447" 327500
"Scaffold451" 203500
"Scaffold451" 204500
"Scaffold451" 210500
"Scaffold452" 282500
"Scaffold452" 283500
"Scaffold452" 284500
"Scaffold452" 285500
"Scaffold457" 107500
"Scaffold457" 108500
"Scaffold457" 109500
"Scaffold461" 102500
"Scaffold461" 103500
"Scaffold461" 104500
"Scaffold461" 105500
"Scaffold464" 22500
"Scaffold464" 23500
"Scaffold464" 91500
"Scaffold465" 44500
"Scaffold465" 45500
"Scaffold465" 46500
"Scaffold465" 47500
"Scaffold465" 48500
"Scaffold465" 259500
"Scaffold465" 260500
"Scaffold465" 261500
"Scaffold469" 103500
"Scaffold471" 98500
"Scaffold471" 99500
"Scaffold493" 21500
"Scaffold493" 27500
"Scaffold493" 28500
"Scaffold493" 29500
"Scaffold499" 81500
"Scaffold499" 82500
"Scaffold499" 83500
"Scaffold499" 144500
"Scaffold499" 145500
"Scaffold499" 146500
"Scaffold499" 147500
"Scaffold499" 204500
"Scaffold499" 205500
"Scaffold499" 239500
"Scaffold499" 240500
"Scaffold505" 174500
"Scaffold505" 175500
"Scaffold505" 176500
"Scaffold526" 10500
"Scaffold526" 12500
"Scaffold526" 14500
"Scaffold526" 16500
"Scaffold528" 66500
"Scaffold528" 67500
"Scaffold528" 68500
"Scaffold528" 69500
"Scaffold528" 70500
"Scaffold548" 157500
"Scaffold552" 168500
"Scaffold555" 123500
"Scaffold565" 126500
"Scaffold565" 127500
"Scaffold565" 128500
"Scaffold565" 129500
"Scaffold565" 156500
"Scaffold573" 2500
"Scaffold573" 3500
"Scaffold573" 4500
"Scaffold573" 5500
"Scaffold573" 6500
"Scaffold573" 7500
"Scaffold573" 32500
"Scaffold573" 33500
"Scaffold573" 34500
"Scaffold573" 35500
"Scaffold573" 36500
"Scaffold573" 37500
"Scaffold573" 38500
"Scaffold573" 39500
"Scaffold573" 40500
"Scaffold573" 41500
"Scaffold573" 42500
"Scaffold573" 43500
"Scaffold573" 44500
"Scaffold573" 45500
"Scaffold573" 46500
"Scaffold573" 47500
"Scaffold573" 48500
"Scaffold573" 108500
"Scaffold573" 111500
"Scaffold573" 112500
"Scaffold573" 113500
"Scaffold581" 59500
"Scaffold581" 97500
"Scaffold581" 109500
"Scaffold581" 111500
"Scaffold581" 112500
"Scaffold581" 148500
"Scaffold581" 149500
"Scaffold581" 150500
"Scaffold583" 92500
"Scaffold583" 93500
"Scaffold583" 94500
"Scaffold583" 95500
"Scaffold583" 96500
"Scaffold591" 188500
"Scaffold591" 189500
"Scaffold591" 190500
"Scaffold591" 198500
"Scaffold591" 199500
"Scaffold613" 173500
"Scaffold613" 174500
"Scaffold613" 175500
"Scaffold613" 176500
"Scaffold613" 177500
"Scaffold613" 221500
"Scaffold613" 222500
"Scaffold634" 2500
"Scaffold634" 3500
"Scaffold634" 4500
"Scaffold639" 36500
"Scaffold644" 101500
"Scaffold644" 102500
"Scaffold644" 103500
"Scaffold645" 105500
"Scaffold667" 51500
"Scaffold687" 6500
"Scaffold715" 44500
"Scaffold715" 45500
"Scaffold715" 46500
"Scaffold715" 47500
"Scaffold720" 58500
"Scaffold722" 93500
"Scaffold722" 94500
"Scaffold722" 95500
"Scaffold722" 96500
"Scaffold722" 97500
"Scaffold722" 152500
"Scaffold722" 153500
"Scaffold722" 154500
"Scaffold734" 65500
"Scaffold734" 66500
"Scaffold734" 67500
"Scaffold734" 68500
"Scaffold738" 100500
"Scaffold738" 101500
"Scaffold738" 102500
"Scaffold738" 103500
"Scaffold774" 25500
"Scaffold774" 35500
"Scaffold774" 36500
"Scaffold774" 37500
"Scaffold774" 38500
"Scaffold774" 39500
"Scaffold779" 23500
"Scaffold779" 24500
"Scaffold883" 2500
"Scaffold883" 3500
"Scaffold883" 4500
"Scaffold1094" 10500
"Scaffold1094" 13500
"Scaffold1186" 7500
"Scaffold1186" 8500
"Scaffold1186" 9500
"Scaffold1186" 10500
"Scaffold1186" 11500
"Scaffold1686" 2500
"Scaffold1686" 3500
"Scaffold1805" 14500
"Scaffold1936" 2500
"Scaffold1946" 5500
"Scaffold2275" 2500
"Scaffold2275" 3500
"Scaffold2462" 2500
"Scaffold2682" 3500
"Scaffold2682" 4500
"Scaffold2682" 5500
"Scaffold3067" 2500
"Scaffold3543" 2500
"Scaffold3987" 2500
"Scaffold4008" 2500
"Scaffold4983" 2500
"Scaffold5009" 2500
"Scaffold5079" 2500
"Scaffold5111" 2500
"Scaffold5363" 2500
"Scaffold6245" 2500
"Scaffold6285" 2500
"Scaffold6435" 2500
