"Scaffold1" 488500
"Scaffold1" 720500
"Scaffold1" 1108500
"Scaffold1" 1109500
"Scaffold1" 1110500
"Scaffold1" 1111500
"Scaffold1" 1112500
"Scaffold1" 1282500
"Scaffold1" 1944500
"Scaffold1" 1945500
"Scaffold1" 1946500
"Scaffold1" 1947500
"Scaffold1" 1948500
"Scaffold1" 5546500
"Scaffold1" 6516500
"Scaffold2" 1660500
"Scaffold2" 1661500
"Scaffold2" 1662500
"Scaffold2" 1882500
"Scaffold2" 1883500
"Scaffold2" 1884500
"Scaffold2" 1885500
"Scaffold2" 1886500
"Scaffold2" 3006500
"Scaffold2" 3007500
"Scaffold3" 8500
"Scaffold3" 49500
"Scaffold3" 190500
"Scaffold3" 191500
"Scaffold3" 192500
"Scaffold3" 193500
"Scaffold3" 214500
"Scaffold3" 1264500
"Scaffold3" 1385500
"Scaffold3" 1386500
"Scaffold3" 1387500
"Scaffold3" 1549500
"Scaffold3" 1550500
"Scaffold3" 1670500
"Scaffold3" 1794500
"Scaffold3" 1795500
"Scaffold3" 1796500
"Scaffold3" 1831500
"Scaffold3" 2029500
"Scaffold3" 2263500
"Scaffold3" 2264500
"Scaffold3" 2265500
"Scaffold3" 2266500
"Scaffold3" 2267500
"Scaffold3" 2885500
"Scaffold3" 2886500
"Scaffold3" 3246500
"Scaffold3" 3646500
"Scaffold3" 3647500
"Scaffold3" 3648500
"Scaffold3" 3649500
"Scaffold3" 3650500
"Scaffold3" 3750500
"Scaffold3" 3751500
"Scaffold3" 4210500
"Scaffold4" 466500
"Scaffold4" 616500
"Scaffold4" 760500
"Scaffold4" 761500
"Scaffold4" 2751500
"Scaffold4" 2752500
"Scaffold4" 2781500
"Scaffold4" 2782500
"Scaffold4" 2783500
"Scaffold4" 2784500
"Scaffold4" 2785500
"Scaffold4" 4056500
"Scaffold5" 43500
"Scaffold5" 549500
"Scaffold5" 550500
"Scaffold5" 551500
"Scaffold5" 552500
"Scaffold5" 573500
"Scaffold5" 798500
"Scaffold5" 1985500
"Scaffold5" 1986500
"Scaffold5" 2112500
"Scaffold5" 2203500
"Scaffold5" 2204500
"Scaffold5" 2205500
"Scaffold5" 2206500
"Scaffold5" 2216500
"Scaffold5" 2217500
"Scaffold5" 2218500
"Scaffold5" 2543500
"Scaffold5" 2623500
"Scaffold5" 3211500
"Scaffold5" 3212500
"Scaffold6" 1904500
"Scaffold6" 1905500
"Scaffold6" 1906500
"Scaffold6" 1912500
"Scaffold6" 1913500
"Scaffold6" 1919500
"Scaffold6" 2593500
"Scaffold6" 2594500
"Scaffold6" 2898500
"Scaffold6" 2899500
"Scaffold6" 2959500
"Scaffold6" 2960500
"Scaffold6" 2961500
"Scaffold6" 2962500
"Scaffold7" 1555500
"Scaffold7" 2109500
"Scaffold7" 2321500
"Scaffold8" 509500
"Scaffold8" 587500
"Scaffold8" 588500
"Scaffold8" 589500
"Scaffold8" 590500
"Scaffold8" 934500
"Scaffold8" 1136500
"Scaffold8" 1702500
"Scaffold8" 1725500
"Scaffold8" 1726500
"Scaffold8" 1968500
"Scaffold8" 2206500
"Scaffold8" 2207500
"Scaffold8" 2208500
"Scaffold8" 2209500
"Scaffold8" 2210500
"Scaffold8" 2758500
"Scaffold9" 703500
"Scaffold9" 705500
"Scaffold9" 1396500
"Scaffold9" 1397500
"Scaffold9" 1398500
"Scaffold9" 1399500
"Scaffold9" 1406500
"Scaffold9" 1540500
"Scaffold9" 1541500
"Scaffold9" 1542500
"Scaffold9" 2440500
"Scaffold10" 1442500
"Scaffold11" 2270500
"Scaffold11" 2386500
"Scaffold11" 2467500
"Scaffold12" 178500
"Scaffold12" 179500
"Scaffold12" 866500
"Scaffold12" 1381500
"Scaffold12" 1382500
"Scaffold12" 1717500
"Scaffold12" 1718500
"Scaffold12" 1719500
"Scaffold12" 1822500
"Scaffold12" 1823500
"Scaffold12" 1824500
"Scaffold12" 1825500
"Scaffold12" 1826500
"Scaffold12" 2445500
"Scaffold12" 2473500
"Scaffold13" 1359500
"Scaffold13" 1815500
"Scaffold13" 2359500
"Scaffold13" 2360500
"Scaffold13" 2361500
"Scaffold13" 2474500
"Scaffold13" 2475500
"Scaffold14" 131500
"Scaffold14" 422500
"Scaffold14" 539500
"Scaffold14" 540500
"Scaffold14" 837500
"Scaffold14" 838500
"Scaffold14" 1139500
"Scaffold14" 1140500
"Scaffold14" 1236500
"Scaffold14" 1237500
"Scaffold14" 1238500
"Scaffold14" 1239500
"Scaffold14" 1489500
"Scaffold14" 2854500
"Scaffold14" 2855500
"Scaffold14" 2856500
"Scaffold16" 781500
"Scaffold16" 2103500
"Scaffold17" 11500
"Scaffold17" 297500
"Scaffold17" 408500
"Scaffold17" 409500
"Scaffold17" 417500
"Scaffold17" 418500
"Scaffold18" 365500
"Scaffold18" 366500
"Scaffold18" 367500
"Scaffold18" 719500
"Scaffold18" 721500
"Scaffold18" 722500
"Scaffold18" 723500
"Scaffold18" 742500
"Scaffold18" 743500
"Scaffold18" 744500
"Scaffold18" 745500
"Scaffold18" 746500
"Scaffold18" 1191500
"Scaffold18" 1280500
"Scaffold18" 1281500
"Scaffold18" 1282500
"Scaffold18" 1520500
"Scaffold18" 2035500
"Scaffold18" 2036500
"Scaffold18" 2037500
"Scaffold18" 2166500
"Scaffold18" 2167500
"Scaffold18" 2168500
"Scaffold19" 485500
"Scaffold19" 486500
"Scaffold19" 520500
"Scaffold19" 521500
"Scaffold19" 568500
"Scaffold19" 569500
"Scaffold19" 570500
"Scaffold19" 571500
"Scaffold19" 572500
"Scaffold19" 574500
"Scaffold19" 1007500
"Scaffold19" 1008500
"Scaffold19" 1009500
"Scaffold19" 1010500
"Scaffold19" 1061500
"Scaffold19" 1062500
"Scaffold19" 1290500
"Scaffold19" 1291500
"Scaffold19" 1292500
"Scaffold19" 1293500
"Scaffold19" 1294500
"Scaffold19" 1661500
"Scaffold20" 14500
"Scaffold20" 159500
"Scaffold20" 168500
"Scaffold20" 204500
"Scaffold20" 205500
"Scaffold20" 558500
"Scaffold20" 837500
"Scaffold20" 838500
"Scaffold20" 926500
"Scaffold20" 927500
"Scaffold20" 928500
"Scaffold20" 929500
"Scaffold20" 1388500
"Scaffold20" 1389500
"Scaffold20" 1647500
"Scaffold20" 1655500
"Scaffold20" 1656500
"Scaffold20" 1657500
"Scaffold20" 1658500
"Scaffold20" 1659500
"Scaffold20" 1662500
"Scaffold20" 1678500
"Scaffold20" 1825500
"Scaffold20" 1826500
"Scaffold20" 1827500
"Scaffold20" 1828500
"Scaffold20" 1829500
"Scaffold20" 1868500
"Scaffold20" 1869500
"Scaffold20" 1870500
"Scaffold20" 2061500
"Scaffold20" 2062500
"Scaffold20" 2105500
"Scaffold20" 2106500
"Scaffold20" 2285500
"Scaffold20" 2286500
"Scaffold21" 223500
"Scaffold21" 224500
"Scaffold21" 225500
"Scaffold21" 276500
"Scaffold21" 277500
"Scaffold21" 278500
"Scaffold21" 279500
"Scaffold21" 280500
"Scaffold21" 796500
"Scaffold21" 797500
"Scaffold21" 895500
"Scaffold21" 896500
"Scaffold21" 1564500
"Scaffold21" 1565500
"Scaffold21" 1566500
"Scaffold21" 1567500
"Scaffold21" 1568500
"Scaffold21" 2193500
"Scaffold22" 658500
"Scaffold22" 659500
"Scaffold22" 1130500
"Scaffold23" 1136500
"Scaffold23" 1729500
"Scaffold24" 1374500
"Scaffold24" 1376500
"Scaffold24" 1455500
"Scaffold24" 1456500
"Scaffold24" 1457500
"Scaffold25" 1798500
"Scaffold26" 382500
"Scaffold26" 516500
"Scaffold26" 523500
"Scaffold26" 761500
"Scaffold26" 911500
"Scaffold26" 1487500
"Scaffold26" 1947500
"Scaffold27" 229500
"Scaffold27" 230500
"Scaffold27" 231500
"Scaffold27" 232500
"Scaffold27" 233500
"Scaffold27" 237500
"Scaffold27" 238500
"Scaffold27" 239500
"Scaffold27" 240500
"Scaffold27" 241500
"Scaffold27" 242500
"Scaffold27" 243500
"Scaffold27" 482500
"Scaffold27" 483500
"Scaffold27" 485500
"Scaffold27" 2060500
"Scaffold27" 2061500
"Scaffold27" 2062500
"Scaffold27" 2063500
"Scaffold28" 549500
"Scaffold28" 550500
"Scaffold28" 551500
"Scaffold28" 552500
"Scaffold28" 553500
"Scaffold28" 585500
"Scaffold28" 586500
"Scaffold28" 825500
"Scaffold28" 1360500
"Scaffold28" 1361500
"Scaffold28" 1723500
"Scaffold28" 1772500
"Scaffold29" 282500
"Scaffold29" 283500
"Scaffold29" 284500
"Scaffold30" 111500
"Scaffold30" 112500
"Scaffold30" 506500
"Scaffold30" 507500
"Scaffold30" 508500
"Scaffold30" 1586500
"Scaffold30" 1587500
"Scaffold30" 1588500
"Scaffold31" 900500
"Scaffold32" 440500
"Scaffold32" 441500
"Scaffold32" 442500
"Scaffold32" 559500
"Scaffold32" 652500
"Scaffold32" 809500
"Scaffold32" 810500
"Scaffold32" 811500
"Scaffold32" 870500
"Scaffold32" 871500
"Scaffold32" 931500
"Scaffold32" 932500
"Scaffold32" 933500
"Scaffold32" 1224500
"Scaffold32" 1225500
"Scaffold32" 1226500
"Scaffold32" 1227500
"Scaffold32" 1228500
"Scaffold32" 1250500
"Scaffold32" 1251500
"Scaffold32" 1252500
"Scaffold32" 1253500
"Scaffold32" 1254500
"Scaffold32" 1316500
"Scaffold32" 1319500
"Scaffold32" 1320500
"Scaffold32" 1321500
"Scaffold32" 1322500
"Scaffold32" 1323500
"Scaffold32" 1669500
"Scaffold32" 1670500
"Scaffold32" 1671500
"Scaffold32" 1672500
"Scaffold33" 1153500
"Scaffold33" 1154500
"Scaffold33" 1417500
"Scaffold33" 1418500
"Scaffold33" 1419500
"Scaffold33" 1420500
"Scaffold34" 576500
"Scaffold34" 577500
"Scaffold34" 578500
"Scaffold34" 579500
"Scaffold34" 580500
"Scaffold34" 1347500
"Scaffold34" 1348500
"Scaffold34" 1349500
"Scaffold34" 1350500
"Scaffold34" 1419500
"Scaffold34" 1420500
"Scaffold34" 1421500
"Scaffold34" 1422500
"Scaffold34" 1594500
"Scaffold35" 840500
"Scaffold35" 841500
"Scaffold35" 842500
"Scaffold35" 1025500
"Scaffold35" 1060500
"Scaffold36" 592500
"Scaffold36" 593500
"Scaffold36" 594500
"Scaffold36" 596500
"Scaffold36" 612500
"Scaffold36" 613500
"Scaffold36" 614500
"Scaffold36" 615500
"Scaffold36" 616500
"Scaffold36" 1249500
"Scaffold36" 1478500
"Scaffold36" 1479500
"Scaffold37" 957500
"Scaffold38" 329500
"Scaffold38" 567500
"Scaffold38" 829500
"Scaffold38" 873500
"Scaffold39" 828500
"Scaffold39" 829500
"Scaffold39" 1326500
"Scaffold39" 1327500
"Scaffold39" 1328500
"Scaffold41" 49500
"Scaffold41" 50500
"Scaffold41" 51500
"Scaffold41" 443500
"Scaffold41" 1026500
"Scaffold41" 1027500
"Scaffold41" 1028500
"Scaffold41" 1222500
"Scaffold41" 1223500
"Scaffold42" 170500
"Scaffold42" 171500
"Scaffold42" 810500
"Scaffold42" 813500
"Scaffold42" 814500
"Scaffold43" 286500
"Scaffold43" 287500
"Scaffold43" 288500
"Scaffold43" 289500
"Scaffold43" 290500
"Scaffold43" 293500
"Scaffold43" 294500
"Scaffold43" 316500
"Scaffold43" 318500
"Scaffold43" 319500
"Scaffold43" 320500
"Scaffold43" 321500
"Scaffold43" 343500
"Scaffold43" 567500
"Scaffold43" 568500
"Scaffold43" 683500
"Scaffold43" 894500
"Scaffold43" 961500
"Scaffold43" 962500
"Scaffold43" 1011500
"Scaffold43" 1163500
"Scaffold43" 1246500
"Scaffold43" 1247500
"Scaffold43" 1356500
"Scaffold43" 1357500
"Scaffold43" 1358500
"Scaffold43" 1635500
"Scaffold43" 1636500
"Scaffold43" 1637500
"Scaffold43" 1638500
"Scaffold43" 1639500
"Scaffold44" 67500
"Scaffold44" 68500
"Scaffold44" 69500
"Scaffold44" 70500
"Scaffold44" 71500
"Scaffold45" 349500
"Scaffold45" 477500
"Scaffold45" 613500
"Scaffold45" 614500
"Scaffold45" 615500
"Scaffold45" 708500
"Scaffold45" 721500
"Scaffold45" 722500
"Scaffold45" 723500
"Scaffold45" 724500
"Scaffold45" 735500
"Scaffold45" 736500
"Scaffold45" 767500
"Scaffold45" 770500
"Scaffold45" 771500
"Scaffold45" 1273500
"Scaffold46" 1670500
"Scaffold49" 331500
"Scaffold49" 332500
"Scaffold49" 333500
"Scaffold49" 404500
"Scaffold49" 405500
"Scaffold49" 413500
"Scaffold49" 520500
"Scaffold49" 521500
"Scaffold49" 1457500
"Scaffold49" 1458500
"Scaffold50" 196500
"Scaffold50" 197500
"Scaffold50" 198500
"Scaffold50" 199500
"Scaffold50" 200500
"Scaffold50" 927500
"Scaffold50" 928500
"Scaffold50" 929500
"Scaffold50" 931500
"Scaffold50" 932500
"Scaffold51" 54500
"Scaffold51" 198500
"Scaffold51" 1246500
"Scaffold51" 1514500
"Scaffold51" 1515500
"Scaffold51" 1516500
"Scaffold52" 204500
"Scaffold52" 205500
"Scaffold52" 206500
"Scaffold52" 207500
"Scaffold52" 320500
"Scaffold52" 321500
"Scaffold52" 509500
"Scaffold52" 510500
"Scaffold52" 511500
"Scaffold52" 512500
"Scaffold52" 513500
"Scaffold52" 601500
"Scaffold52" 779500
"Scaffold52" 780500
"Scaffold52" 781500
"Scaffold52" 801500
"Scaffold52" 802500
"Scaffold52" 803500
"Scaffold52" 1526500
"Scaffold53" 893500
"Scaffold53" 1363500
"Scaffold54" 426500
"Scaffold54" 427500
"Scaffold54" 734500
"Scaffold54" 735500
"Scaffold54" 736500
"Scaffold54" 737500
"Scaffold56" 833500
"Scaffold56" 1196500
"Scaffold56" 1197500
"Scaffold56" 1198500
"Scaffold56" 1199500
"Scaffold56" 1200500
"Scaffold57" 157500
"Scaffold57" 257500
"Scaffold57" 893500
"Scaffold57" 955500
"Scaffold57" 1016500
"Scaffold58" 500500
"Scaffold58" 1321500
"Scaffold58" 1361500
"Scaffold58" 1362500
"Scaffold58" 1363500
"Scaffold58" 1364500
"Scaffold58" 1365500
"Scaffold58" 1366500
"Scaffold58" 1367500
"Scaffold58" 1369500
"Scaffold58" 1370500
"Scaffold58" 1371500
"Scaffold59" 16500
"Scaffold59" 17500
"Scaffold59" 18500
"Scaffold59" 19500
"Scaffold59" 20500
"Scaffold59" 21500
"Scaffold59" 30500
"Scaffold59" 31500
"Scaffold59" 32500
"Scaffold59" 33500
"Scaffold59" 370500
"Scaffold59" 797500
"Scaffold59" 844500
"Scaffold59" 845500
"Scaffold60" 270500
"Scaffold60" 271500
"Scaffold60" 283500
"Scaffold60" 398500
"Scaffold60" 399500
"Scaffold60" 400500
"Scaffold60" 775500
"Scaffold60" 946500
"Scaffold60" 947500
"Scaffold60" 948500
"Scaffold60" 1019500
"Scaffold60" 1020500
"Scaffold60" 1021500
"Scaffold60" 1022500
"Scaffold60" 1023500
"Scaffold60" 1024500
"Scaffold60" 1025500
"Scaffold60" 1026500
"Scaffold60" 1027500
"Scaffold60" 1028500
"Scaffold60" 1029500
"Scaffold60" 1030500
"Scaffold60" 1031500
"Scaffold60" 1032500
"Scaffold60" 1033500
"Scaffold60" 1034500
"Scaffold62" 265500
"Scaffold62" 895500
"Scaffold62" 1214500
"Scaffold63" 141500
"Scaffold63" 889500
"Scaffold63" 1339500
"Scaffold63" 1340500
"Scaffold63" 1341500
"Scaffold63" 1342500
"Scaffold65" 51500
"Scaffold65" 52500
"Scaffold65" 53500
"Scaffold65" 54500
"Scaffold65" 55500
"Scaffold65" 59500
"Scaffold65" 71500
"Scaffold65" 159500
"Scaffold65" 160500
"Scaffold65" 439500
"Scaffold65" 440500
"Scaffold65" 463500
"Scaffold65" 464500
"Scaffold65" 467500
"Scaffold65" 774500
"Scaffold65" 1233500
"Scaffold66" 91500
"Scaffold66" 92500
"Scaffold66" 467500
"Scaffold66" 468500
"Scaffold66" 469500
"Scaffold66" 470500
"Scaffold66" 471500
"Scaffold66" 475500
"Scaffold66" 478500
"Scaffold66" 479500
"Scaffold66" 523500
"Scaffold66" 527500
"Scaffold68" 232500
"Scaffold68" 303500
"Scaffold68" 304500
"Scaffold68" 305500
"Scaffold68" 566500
"Scaffold68" 567500
"Scaffold68" 568500
"Scaffold68" 569500
"Scaffold68" 570500
"Scaffold68" 584500
"Scaffold68" 585500
"Scaffold68" 586500
"Scaffold68" 587500
"Scaffold68" 588500
"Scaffold68" 628500
"Scaffold68" 629500
"Scaffold68" 630500
"Scaffold68" 631500
"Scaffold68" 642500
"Scaffold68" 643500
"Scaffold68" 644500
"Scaffold68" 645500
"Scaffold68" 665500
"Scaffold68" 666500
"Scaffold68" 667500
"Scaffold68" 668500
"Scaffold68" 685500
"Scaffold68" 686500
"Scaffold68" 687500
"Scaffold68" 688500
"Scaffold68" 759500
"Scaffold68" 805500
"Scaffold68" 806500
"Scaffold68" 1046500
"Scaffold68" 1047500
"Scaffold68" 1048500
"Scaffold68" 1049500
"Scaffold69" 246500
"Scaffold69" 247500
"Scaffold69" 248500
"Scaffold69" 249500
"Scaffold69" 275500
"Scaffold69" 276500
"Scaffold69" 361500
"Scaffold69" 398500
"Scaffold69" 399500
"Scaffold69" 400500
"Scaffold71" 443500
"Scaffold71" 444500
"Scaffold71" 445500
"Scaffold71" 749500
"Scaffold71" 750500
"Scaffold71" 751500
"Scaffold72" 446500
"Scaffold72" 745500
"Scaffold72" 746500
"Scaffold73" 682500
"Scaffold73" 683500
"Scaffold73" 684500
"Scaffold73" 1057500
"Scaffold73" 1058500
"Scaffold74" 667500
"Scaffold75" 584500
"Scaffold75" 1352500
"Scaffold76" 194500
"Scaffold76" 343500
"Scaffold76" 344500
"Scaffold76" 610500
"Scaffold76" 1283500
"Scaffold76" 1284500
"Scaffold78" 174500
"Scaffold78" 175500
"Scaffold78" 176500
"Scaffold78" 177500
"Scaffold78" 178500
"Scaffold78" 378500
"Scaffold78" 385500
"Scaffold78" 582500
"Scaffold78" 583500
"Scaffold78" 621500
"Scaffold78" 1103500
"Scaffold78" 1104500
"Scaffold80" 239500
"Scaffold80" 240500
"Scaffold80" 539500
"Scaffold80" 540500
"Scaffold80" 1004500
"Scaffold80" 1152500
"Scaffold80" 1153500
"Scaffold80" 1154500
"Scaffold80" 1304500
"Scaffold81" 174500
"Scaffold81" 175500
"Scaffold81" 176500
"Scaffold81" 215500
"Scaffold81" 217500
"Scaffold81" 218500
"Scaffold81" 219500
"Scaffold81" 465500
"Scaffold81" 466500
"Scaffold81" 531500
"Scaffold81" 532500
"Scaffold81" 533500
"Scaffold81" 534500
"Scaffold81" 1068500
"Scaffold81" 1069500
"Scaffold81" 1075500
"Scaffold81" 1076500
"Scaffold81" 1077500
"Scaffold81" 1078500
"Scaffold81" 1088500
"Scaffold81" 1090500
"Scaffold81" 1091500
"Scaffold81" 1092500
"Scaffold81" 1093500
"Scaffold81" 1094500
"Scaffold81" 1095500
"Scaffold81" 1117500
"Scaffold81" 1143500
"Scaffold81" 1144500
"Scaffold81" 1145500
"Scaffold81" 1146500
"Scaffold81" 1147500
"Scaffold82" 271500
"Scaffold82" 272500
"Scaffold82" 273500
"Scaffold82" 283500
"Scaffold82" 284500
"Scaffold82" 285500
"Scaffold82" 286500
"Scaffold82" 315500
"Scaffold82" 316500
"Scaffold82" 317500
"Scaffold82" 318500
"Scaffold82" 319500
"Scaffold82" 572500
"Scaffold82" 1045500
"Scaffold82" 1242500
"Scaffold82" 1243500
"Scaffold83" 463500
"Scaffold83" 464500
"Scaffold83" 806500
"Scaffold83" 807500
"Scaffold83" 977500
"Scaffold84" 477500
"Scaffold84" 478500
"Scaffold84" 614500
"Scaffold84" 904500
"Scaffold84" 905500
"Scaffold84" 906500
"Scaffold84" 907500
"Scaffold84" 981500
"Scaffold84" 982500
"Scaffold84" 1001500
"Scaffold84" 1010500
"Scaffold84" 1035500
"Scaffold84" 1045500
"Scaffold84" 1046500
"Scaffold85" 257500
"Scaffold85" 258500
"Scaffold85" 259500
"Scaffold85" 353500
"Scaffold85" 743500
"Scaffold85" 858500
"Scaffold85" 897500
"Scaffold85" 898500
"Scaffold85" 956500
"Scaffold88" 75500
"Scaffold88" 76500
"Scaffold88" 548500
"Scaffold88" 549500
"Scaffold89" 347500
"Scaffold89" 348500
"Scaffold89" 349500
"Scaffold89" 350500
"Scaffold90" 177500
"Scaffold90" 178500
"Scaffold90" 179500
"Scaffold90" 180500
"Scaffold90" 1077500
"Scaffold91" 905500
"Scaffold91" 1344500
"Scaffold91" 1345500
"Scaffold91" 1346500
"Scaffold92" 184500
"Scaffold92" 186500
"Scaffold92" 187500
"Scaffold92" 188500
"Scaffold92" 578500
"Scaffold92" 762500
"Scaffold92" 763500
"Scaffold92" 764500
"Scaffold92" 765500
"Scaffold92" 766500
"Scaffold95" 36500
"Scaffold95" 37500
"Scaffold95" 38500
"Scaffold95" 39500
"Scaffold95" 40500
"Scaffold95" 249500
"Scaffold95" 250500
"Scaffold96" 104500
"Scaffold96" 374500
"Scaffold97" 732500
"Scaffold97" 880500
"Scaffold97" 951500
"Scaffold97" 952500
"Scaffold97" 953500
"Scaffold97" 954500
"Scaffold97" 955500
"Scaffold97" 1044500
"Scaffold98" 725500
"Scaffold98" 726500
"Scaffold98" 727500
"Scaffold99" 631500
"Scaffold99" 632500
"Scaffold99" 633500
"Scaffold99" 634500
"Scaffold99" 635500
"Scaffold99" 1053500
"Scaffold99" 1054500
"Scaffold99" 1055500
"Scaffold99" 1056500
"Scaffold99" 1057500
"Scaffold99" 1085500
"Scaffold99" 1086500
"Scaffold99" 1087500
"Scaffold99" 1088500
"Scaffold99" 1089500
"Scaffold100" 765500
"Scaffold100" 766500
"Scaffold100" 767500
"Scaffold101" 9500
"Scaffold101" 641500
"Scaffold101" 1036500
"Scaffold103" 324500
"Scaffold103" 325500
"Scaffold103" 565500
"Scaffold103" 643500
"Scaffold103" 644500
"Scaffold103" 788500
"Scaffold103" 789500
"Scaffold103" 790500
"Scaffold103" 1014500
"Scaffold103" 1015500
"Scaffold104" 193500
"Scaffold104" 194500
"Scaffold104" 195500
"Scaffold104" 196500
"Scaffold104" 430500
"Scaffold105" 274500
"Scaffold105" 275500
"Scaffold105" 276500
"Scaffold105" 277500
"Scaffold105" 278500
"Scaffold107" 201500
"Scaffold107" 852500
"Scaffold107" 853500
"Scaffold108" 208500
"Scaffold108" 212500
"Scaffold108" 1017500
"Scaffold108" 1018500
"Scaffold108" 1019500
"Scaffold109" 449500
"Scaffold109" 742500
"Scaffold109" 743500
"Scaffold109" 744500
"Scaffold109" 879500
"Scaffold109" 880500
"Scaffold109" 881500
"Scaffold109" 882500
"Scaffold111" 99500
"Scaffold114" 92500
"Scaffold114" 93500
"Scaffold114" 319500
"Scaffold114" 473500
"Scaffold114" 474500
"Scaffold114" 489500
"Scaffold114" 490500
"Scaffold114" 503500
"Scaffold114" 504500
"Scaffold114" 520500
"Scaffold114" 521500
"Scaffold114" 671500
"Scaffold114" 764500
"Scaffold114" 765500
"Scaffold114" 967500
"Scaffold115" 35500
"Scaffold115" 36500
"Scaffold115" 891500
"Scaffold115" 893500
"Scaffold118" 686500
"Scaffold119" 185500
"Scaffold119" 186500
"Scaffold119" 271500
"Scaffold119" 272500
"Scaffold119" 490500
"Scaffold119" 762500
"Scaffold119" 763500
"Scaffold119" 764500
"Scaffold119" 765500
"Scaffold119" 766500
"Scaffold119" 962500
"Scaffold119" 986500
"Scaffold119" 987500
"Scaffold119" 988500
"Scaffold119" 989500
"Scaffold119" 990500
"Scaffold119" 1025500
"Scaffold120" 315500
"Scaffold120" 811500
"Scaffold120" 833500
"Scaffold120" 834500
"Scaffold120" 835500
"Scaffold122" 96500
"Scaffold122" 97500
"Scaffold123" 69500
"Scaffold124" 644500
"Scaffold124" 645500
"Scaffold124" 646500
"Scaffold124" 818500
"Scaffold124" 819500
"Scaffold124" 861500
"Scaffold125" 656500
"Scaffold125" 812500
"Scaffold125" 813500
"Scaffold125" 814500
"Scaffold125" 815500
"Scaffold126" 120500
"Scaffold126" 296500
"Scaffold126" 297500
"Scaffold126" 333500
"Scaffold126" 334500
"Scaffold126" 335500
"Scaffold126" 672500
"Scaffold128" 366500
"Scaffold128" 367500
"Scaffold128" 368500
"Scaffold128" 369500
"Scaffold130" 413500
"Scaffold130" 414500
"Scaffold130" 415500
"Scaffold130" 416500
"Scaffold130" 776500
"Scaffold130" 779500
"Scaffold133" 549500
"Scaffold133" 550500
"Scaffold133" 854500
"Scaffold133" 855500
"Scaffold133" 856500
"Scaffold133" 857500
"Scaffold134" 141500
"Scaffold134" 151500
"Scaffold134" 158500
"Scaffold134" 858500
"Scaffold134" 859500
"Scaffold134" 1065500
"Scaffold134" 1106500
"Scaffold134" 1107500
"Scaffold135" 23500
"Scaffold135" 24500
"Scaffold135" 25500
"Scaffold136" 6500
"Scaffold136" 324500
"Scaffold136" 325500
"Scaffold136" 326500
"Scaffold136" 548500
"Scaffold137" 486500
"Scaffold137" 487500
"Scaffold137" 684500
"Scaffold137" 771500
"Scaffold137" 772500
"Scaffold137" 773500
"Scaffold137" 774500
"Scaffold137" 775500
"Scaffold137" 918500
"Scaffold137" 919500
"Scaffold140" 60500
"Scaffold141" 13500
"Scaffold141" 14500
"Scaffold141" 15500
"Scaffold141" 16500
"Scaffold141" 17500
"Scaffold142" 737500
"Scaffold143" 470500
"Scaffold143" 867500
"Scaffold143" 868500
"Scaffold143" 869500
"Scaffold143" 870500
"Scaffold143" 871500
"Scaffold145" 39500
"Scaffold145" 183500
"Scaffold147" 91500
"Scaffold147" 92500
"Scaffold147" 510500
"Scaffold147" 564500
"Scaffold148" 210500
"Scaffold148" 211500
"Scaffold148" 524500
"Scaffold148" 577500
"Scaffold148" 661500
"Scaffold148" 662500
"Scaffold148" 663500
"Scaffold148" 664500
"Scaffold148" 788500
"Scaffold148" 965500
"Scaffold149" 23500
"Scaffold149" 84500
"Scaffold149" 85500
"Scaffold150" 478500
"Scaffold150" 479500
"Scaffold150" 480500
"Scaffold150" 481500
"Scaffold150" 822500
"Scaffold152" 700500
"Scaffold152" 701500
"Scaffold152" 702500
"Scaffold152" 703500
"Scaffold153" 58500
"Scaffold154" 33500
"Scaffold154" 206500
"Scaffold154" 244500
"Scaffold154" 245500
"Scaffold154" 246500
"Scaffold154" 254500
"Scaffold154" 255500
"Scaffold154" 732500
"Scaffold155" 613500
"Scaffold156" 376500
"Scaffold156" 603500
"Scaffold156" 604500
"Scaffold157" 266500
"Scaffold158" 527500
"Scaffold160" 525500
"Scaffold160" 689500
"Scaffold160" 690500
"Scaffold160" 767500
"Scaffold160" 768500
"Scaffold161" 901500
"Scaffold161" 902500
"Scaffold162" 13500
"Scaffold163" 114500
"Scaffold163" 451500
"Scaffold163" 452500
"Scaffold163" 453500
"Scaffold163" 454500
"Scaffold164" 145500
"Scaffold164" 146500
"Scaffold167" 262500
"Scaffold169" 661500
"Scaffold169" 662500
"Scaffold169" 663500
"Scaffold169" 664500
"Scaffold169" 704500
"Scaffold170" 179500
"Scaffold170" 747500
"Scaffold171" 7500
"Scaffold171" 113500
"Scaffold171" 114500
"Scaffold172" 240500
"Scaffold172" 241500
"Scaffold172" 458500
"Scaffold173" 217500
"Scaffold173" 472500
"Scaffold173" 633500
"Scaffold174" 741500
"Scaffold177" 182500
"Scaffold177" 183500
"Scaffold178" 414500
"Scaffold178" 415500
"Scaffold178" 456500
"Scaffold178" 457500
"Scaffold178" 682500
"Scaffold178" 683500
"Scaffold178" 684500
"Scaffold178" 685500
"Scaffold179" 114500
"Scaffold179" 115500
"Scaffold179" 272500
"Scaffold179" 273500
"Scaffold179" 274500
"Scaffold179" 785500
"Scaffold179" 787500
"Scaffold179" 788500
"Scaffold179" 789500
"Scaffold179" 790500
"Scaffold179" 791500
"Scaffold180" 104500
"Scaffold180" 105500
"Scaffold180" 133500
"Scaffold180" 134500
"Scaffold180" 135500
"Scaffold182" 423500
"Scaffold182" 424500
"Scaffold182" 425500
"Scaffold182" 509500
"Scaffold182" 510500
"Scaffold182" 511500
"Scaffold182" 512500
"Scaffold182" 513500
"Scaffold182" 625500
"Scaffold182" 871500
"Scaffold182" 872500
"Scaffold182" 873500
"Scaffold183" 500500
"Scaffold183" 586500
"Scaffold183" 587500
"Scaffold183" 588500
"Scaffold183" 589500
"Scaffold183" 590500
"Scaffold183" 772500
"Scaffold185" 597500
"Scaffold185" 598500
"Scaffold185" 599500
"Scaffold185" 600500
"Scaffold186" 678500
"Scaffold188" 286500
"Scaffold190" 654500
"Scaffold191" 171500
"Scaffold191" 393500
"Scaffold191" 478500
"Scaffold194" 208500
"Scaffold194" 209500
"Scaffold194" 374500
"Scaffold194" 644500
"Scaffold196" 316500
"Scaffold197" 97500
"Scaffold197" 267500
"Scaffold199" 656500
"Scaffold200" 256500
"Scaffold200" 257500
"Scaffold201" 412500
"Scaffold205" 156500
"Scaffold205" 158500
"Scaffold205" 339500
"Scaffold205" 423500
"Scaffold205" 426500
"Scaffold205" 436500
"Scaffold205" 606500
"Scaffold205" 607500
"Scaffold206" 88500
"Scaffold206" 89500
"Scaffold206" 618500
"Scaffold206" 619500
"Scaffold206" 651500
"Scaffold206" 652500
"Scaffold206" 653500
"Scaffold206" 654500
"Scaffold206" 655500
"Scaffold206" 664500
"Scaffold208" 63500
"Scaffold208" 64500
"Scaffold208" 65500
"Scaffold208" 67500
"Scaffold208" 89500
"Scaffold208" 275500
"Scaffold208" 617500
"Scaffold208" 618500
"Scaffold208" 619500
"Scaffold208" 663500
"Scaffold208" 664500
"Scaffold208" 697500
"Scaffold208" 698500
"Scaffold209" 331500
"Scaffold209" 332500
"Scaffold209" 333500
"Scaffold209" 334500
"Scaffold209" 363500
"Scaffold209" 473500
"Scaffold209" 609500
"Scaffold209" 610500
"Scaffold209" 611500
"Scaffold210" 457500
"Scaffold210" 631500
"Scaffold210" 632500
"Scaffold210" 633500
"Scaffold210" 634500
"Scaffold210" 635500
"Scaffold211" 659500
"Scaffold212" 558500
"Scaffold212" 571500
"Scaffold212" 572500
"Scaffold214" 263500
"Scaffold215" 359500
"Scaffold215" 360500
"Scaffold216" 116500
"Scaffold216" 117500
"Scaffold216" 224500
"Scaffold216" 751500
"Scaffold216" 752500
"Scaffold217" 108500
"Scaffold218" 304500
"Scaffold218" 505500
"Scaffold219" 688500
"Scaffold219" 689500
"Scaffold219" 690500
"Scaffold219" 696500
"Scaffold221" 30500
"Scaffold221" 91500
"Scaffold221" 707500
"Scaffold221" 708500
"Scaffold221" 709500
"Scaffold222" 612500
"Scaffold225" 271500
"Scaffold225" 272500
"Scaffold225" 273500
"Scaffold226" 56500
"Scaffold226" 57500
"Scaffold226" 58500
"Scaffold226" 59500
"Scaffold226" 60500
"Scaffold226" 343500
"Scaffold227" 3500
"Scaffold227" 151500
"Scaffold227" 152500
"Scaffold227" 153500
"Scaffold227" 154500
"Scaffold227" 155500
"Scaffold227" 428500
"Scaffold227" 631500
"Scaffold227" 632500
"Scaffold227" 633500
"Scaffold227" 634500
"Scaffold227" 635500
"Scaffold227" 681500
"Scaffold228" 72500
"Scaffold228" 121500
"Scaffold228" 316500
"Scaffold228" 317500
"Scaffold228" 376500
"Scaffold228" 377500
"Scaffold230" 57500
"Scaffold230" 58500
"Scaffold230" 59500
"Scaffold230" 75500
"Scaffold230" 76500
"Scaffold230" 77500
"Scaffold231" 230500
"Scaffold234" 529500
"Scaffold237" 108500
"Scaffold237" 506500
"Scaffold238" 291500
"Scaffold241" 139500
"Scaffold241" 140500
"Scaffold241" 307500
"Scaffold241" 308500
"Scaffold241" 403500
"Scaffold241" 422500
"Scaffold241" 423500
"Scaffold242" 135500
"Scaffold242" 136500
"Scaffold242" 137500
"Scaffold242" 215500
"Scaffold242" 217500
"Scaffold242" 230500
"Scaffold242" 236500
"Scaffold242" 237500
"Scaffold242" 640500
"Scaffold242" 641500
"Scaffold242" 655500
"Scaffold243" 19500
"Scaffold243" 195500
"Scaffold243" 196500
"Scaffold243" 387500
"Scaffold243" 388500
"Scaffold243" 389500
"Scaffold243" 390500
"Scaffold247" 178500
"Scaffold247" 179500
"Scaffold247" 180500
"Scaffold247" 181500
"Scaffold248" 282500
"Scaffold248" 283500
"Scaffold249" 44500
"Scaffold251" 433500
"Scaffold253" 120500
"Scaffold253" 121500
"Scaffold253" 388500
"Scaffold253" 389500
"Scaffold253" 390500
"Scaffold253" 470500
"Scaffold253" 471500
"Scaffold253" 472500
"Scaffold253" 670500
"Scaffold254" 322500
"Scaffold256" 199500
"Scaffold257" 466500
"Scaffold257" 467500
"Scaffold258" 310500
"Scaffold258" 354500
"Scaffold258" 355500
"Scaffold258" 356500
"Scaffold258" 357500
"Scaffold258" 358500
"Scaffold258" 360500
"Scaffold258" 361500
"Scaffold258" 379500
"Scaffold258" 431500
"Scaffold259" 17500
"Scaffold259" 472500
"Scaffold259" 560500
"Scaffold259" 570500
"Scaffold259" 571500
"Scaffold259" 572500
"Scaffold259" 573500
"Scaffold259" 574500
"Scaffold260" 82500
"Scaffold260" 92500
"Scaffold260" 108500
"Scaffold260" 229500
"Scaffold260" 230500
"Scaffold260" 231500
"Scaffold260" 232500
"Scaffold260" 233500
"Scaffold260" 502500
"Scaffold260" 503500
"Scaffold260" 512500
"Scaffold260" 527500
"Scaffold262" 97500
"Scaffold262" 98500
"Scaffold262" 202500
"Scaffold262" 203500
"Scaffold262" 204500
"Scaffold262" 205500
"Scaffold262" 206500
"Scaffold262" 564500
"Scaffold262" 565500
"Scaffold262" 566500
"Scaffold263" 290500
"Scaffold263" 291500
"Scaffold263" 292500
"Scaffold263" 293500
"Scaffold263" 294500
"Scaffold265" 48500
"Scaffold267" 393500
"Scaffold267" 394500
"Scaffold267" 399500
"Scaffold267" 400500
"Scaffold267" 401500
"Scaffold267" 402500
"Scaffold270" 140500
"Scaffold270" 183500
"Scaffold270" 184500
"Scaffold271" 253500
"Scaffold272" 300500
"Scaffold275" 90500
"Scaffold276" 390500
"Scaffold276" 391500
"Scaffold276" 392500
"Scaffold276" 564500
"Scaffold277" 380500
"Scaffold277" 386500
"Scaffold277" 387500
"Scaffold277" 388500
"Scaffold277" 459500
"Scaffold278" 37500
"Scaffold278" 38500
"Scaffold278" 151500
"Scaffold281" 169500
"Scaffold281" 170500
"Scaffold281" 171500
"Scaffold281" 172500
"Scaffold281" 173500
"Scaffold281" 174500
"Scaffold281" 234500
"Scaffold281" 236500
"Scaffold281" 237500
"Scaffold281" 238500
"Scaffold281" 484500
"Scaffold281" 486500
"Scaffold281" 487500
"Scaffold281" 488500
"Scaffold282" 80500
"Scaffold282" 81500
"Scaffold282" 255500
"Scaffold283" 179500
"Scaffold283" 262500
"Scaffold283" 263500
"Scaffold286" 14500
"Scaffold286" 15500
"Scaffold286" 114500
"Scaffold286" 524500
"Scaffold286" 525500
"Scaffold287" 357500
"Scaffold288" 133500
"Scaffold289" 301500
"Scaffold289" 302500
"Scaffold289" 372500
"Scaffold289" 373500
"Scaffold289" 463500
"Scaffold289" 464500
"Scaffold289" 465500
"Scaffold289" 466500
"Scaffold290" 171500
"Scaffold290" 172500
"Scaffold291" 377500
"Scaffold291" 378500
"Scaffold292" 214500
"Scaffold292" 215500
"Scaffold292" 216500
"Scaffold292" 217500
"Scaffold296" 344500
"Scaffold296" 345500
"Scaffold296" 346500
"Scaffold296" 347500
"Scaffold296" 385500
"Scaffold296" 386500
"Scaffold298" 342500
"Scaffold298" 343500
"Scaffold299" 49500
"Scaffold299" 50500
"Scaffold301" 172500
"Scaffold301" 173500
"Scaffold301" 174500
"Scaffold301" 175500
"Scaffold301" 322500
"Scaffold301" 323500
"Scaffold302" 9500
"Scaffold303" 200500
"Scaffold308" 240500
"Scaffold308" 241500
"Scaffold308" 242500
"Scaffold309" 42500
"Scaffold309" 43500
"Scaffold309" 50500
"Scaffold309" 51500
"Scaffold309" 70500
"Scaffold310" 218500
"Scaffold311" 417500
"Scaffold311" 452500
"Scaffold312" 209500
"Scaffold312" 210500
"Scaffold312" 394500
"Scaffold312" 395500
"Scaffold312" 413500
"Scaffold314" 421500
"Scaffold314" 440500
"Scaffold316" 204500
"Scaffold316" 205500
"Scaffold316" 213500
"Scaffold316" 214500
"Scaffold316" 215500
"Scaffold316" 216500
"Scaffold316" 217500
"Scaffold316" 274500
"Scaffold316" 275500
"Scaffold316" 276500
"Scaffold316" 277500
"Scaffold317" 64500
"Scaffold317" 65500
"Scaffold317" 66500
"Scaffold317" 67500
"Scaffold317" 181500
"Scaffold318" 390500
"Scaffold318" 457500
"Scaffold318" 458500
"Scaffold318" 459500
"Scaffold318" 460500
"Scaffold318" 461500
"Scaffold320" 384500
"Scaffold320" 385500
"Scaffold320" 386500
"Scaffold320" 519500
"Scaffold320" 520500
"Scaffold321" 39500
"Scaffold321" 40500
"Scaffold321" 56500
"Scaffold321" 57500
"Scaffold323" 230500
"Scaffold323" 232500
"Scaffold323" 233500
"Scaffold324" 146500
"Scaffold324" 147500
"Scaffold324" 148500
"Scaffold324" 149500
"Scaffold324" 150500
"Scaffold325" 45500
"Scaffold325" 89500
"Scaffold325" 91500
"Scaffold325" 202500
"Scaffold325" 203500
"Scaffold328" 410500
"Scaffold332" 64500
"Scaffold333" 47500
"Scaffold333" 48500
"Scaffold333" 52500
"Scaffold333" 53500
"Scaffold333" 239500
"Scaffold334" 158500
"Scaffold334" 159500
"Scaffold334" 160500
"Scaffold334" 161500
"Scaffold334" 162500
"Scaffold335" 284500
"Scaffold336" 126500
"Scaffold336" 127500
"Scaffold336" 149500
"Scaffold340" 68500
"Scaffold342" 333500
"Scaffold342" 334500
"Scaffold342" 335500
"Scaffold342" 336500
"Scaffold342" 337500
"Scaffold343" 12500
"Scaffold343" 108500
"Scaffold343" 109500
"Scaffold344" 113500
"Scaffold344" 114500
"Scaffold344" 115500
"Scaffold345" 124500
"Scaffold346" 359500
"Scaffold346" 401500
"Scaffold347" 16500
"Scaffold349" 88500
"Scaffold352" 2500
"Scaffold352" 28500
"Scaffold353" 104500
"Scaffold353" 105500
"Scaffold353" 106500
"Scaffold353" 375500
"Scaffold353" 376500
"Scaffold355" 192500
"Scaffold355" 193500
"Scaffold356" 16500
"Scaffold356" 17500
"Scaffold356" 172500
"Scaffold357" 73500
"Scaffold357" 103500
"Scaffold357" 104500
"Scaffold357" 105500
"Scaffold357" 106500
"Scaffold358" 110500
"Scaffold358" 366500
"Scaffold358" 367500
"Scaffold358" 368500
"Scaffold360" 2500
"Scaffold360" 127500
"Scaffold364" 398500
"Scaffold364" 399500
"Scaffold365" 339500
"Scaffold365" 408500
"Scaffold365" 409500
"Scaffold365" 410500
"Scaffold365" 411500
"Scaffold367" 13500
"Scaffold368" 215500
"Scaffold368" 216500
"Scaffold368" 299500
"Scaffold369" 204500
"Scaffold369" 341500
"Scaffold370" 48500
"Scaffold370" 49500
"Scaffold370" 50500
"Scaffold370" 51500
"Scaffold370" 213500
"Scaffold370" 214500
"Scaffold370" 215500
"Scaffold370" 216500
"Scaffold370" 217500
"Scaffold372" 297500
"Scaffold372" 298500
"Scaffold375" 134500
"Scaffold375" 296500
"Scaffold375" 297500
"Scaffold375" 316500
"Scaffold376" 62500
"Scaffold378" 237500
"Scaffold378" 239500
"Scaffold378" 298500
"Scaffold379" 43500
"Scaffold381" 157500
"Scaffold381" 159500
"Scaffold381" 160500
"Scaffold384" 427500
"Scaffold384" 428500
"Scaffold384" 429500
"Scaffold384" 430500
"Scaffold384" 431500
"Scaffold386" 16500
"Scaffold386" 17500
"Scaffold386" 78500
"Scaffold386" 79500
"Scaffold386" 239500
"Scaffold386" 247500
"Scaffold386" 248500
"Scaffold386" 249500
"Scaffold386" 250500
"Scaffold389" 240500
"Scaffold389" 241500
"Scaffold390" 329500
"Scaffold391" 247500
"Scaffold395" 199500
"Scaffold395" 224500
"Scaffold395" 298500
"Scaffold395" 299500
"Scaffold398" 111500
"Scaffold398" 112500
"Scaffold399" 55500
"Scaffold399" 56500
"Scaffold399" 57500
"Scaffold399" 58500
"Scaffold399" 60500
"Scaffold400" 66500
"Scaffold400" 67500
"Scaffold400" 68500
"Scaffold400" 69500
"Scaffold401" 7500
"Scaffold401" 8500
"Scaffold401" 9500
"Scaffold403" 7500
"Scaffold403" 8500
"Scaffold403" 50500
"Scaffold403" 51500
"Scaffold404" 403500
"Scaffold405" 39500
"Scaffold408" 43500
"Scaffold408" 44500
"Scaffold408" 45500
"Scaffold412" 185500
"Scaffold413" 157500
"Scaffold413" 158500
"Scaffold413" 159500
"Scaffold413" 160500
"Scaffold413" 270500
"Scaffold414" 79500
"Scaffold416" 95500
"Scaffold416" 316500
"Scaffold416" 317500
"Scaffold416" 318500
"Scaffold419" 64500
"Scaffold419" 65500
"Scaffold419" 66500
"Scaffold424" 229500
"Scaffold429" 26500
"Scaffold429" 27500
"Scaffold429" 203500
"Scaffold430" 231500
"Scaffold430" 284500
"Scaffold430" 285500
"Scaffold430" 286500
"Scaffold430" 287500
"Scaffold431" 140500
"Scaffold431" 141500
"Scaffold435" 151500
"Scaffold435" 152500
"Scaffold437" 229500
"Scaffold438" 284500
"Scaffold443" 77500
"Scaffold443" 244500
"Scaffold443" 264500
"Scaffold443" 265500
"Scaffold443" 269500
"Scaffold443" 270500
"Scaffold443" 271500
"Scaffold443" 272500
"Scaffold443" 273500
"Scaffold444" 14500
"Scaffold444" 402500
"Scaffold445" 36500
"Scaffold445" 37500
"Scaffold446" 132500
"Scaffold446" 133500
"Scaffold447" 92500
"Scaffold447" 227500
"Scaffold447" 311500
"Scaffold447" 312500
"Scaffold447" 313500
"Scaffold447" 314500
"Scaffold450" 126500
"Scaffold452" 147500
"Scaffold452" 148500
"Scaffold452" 149500
"Scaffold452" 150500
"Scaffold452" 181500
"Scaffold452" 182500
"Scaffold453" 177500
"Scaffold453" 178500
"Scaffold456" 166500
"Scaffold456" 216500
"Scaffold456" 255500
"Scaffold456" 258500
"Scaffold461" 86500
"Scaffold463" 161500
"Scaffold464" 91500
"Scaffold467" 55500
"Scaffold467" 100500
"Scaffold467" 168500
"Scaffold467" 169500
"Scaffold467" 170500
"Scaffold467" 171500
"Scaffold467" 172500
"Scaffold467" 188500
"Scaffold467" 278500
"Scaffold469" 20500
"Scaffold469" 21500
"Scaffold469" 22500
"Scaffold471" 2500
"Scaffold471" 3500
"Scaffold471" 4500
"Scaffold472" 222500
"Scaffold472" 223500
"Scaffold472" 224500
"Scaffold473" 184500
"Scaffold473" 185500
"Scaffold474" 163500
"Scaffold474" 164500
"Scaffold479" 136500
"Scaffold479" 137500
"Scaffold483" 125500
"Scaffold483" 155500
"Scaffold483" 157500
"Scaffold483" 158500
"Scaffold483" 159500
"Scaffold486" 118500
"Scaffold486" 119500
"Scaffold486" 120500
"Scaffold486" 121500
"Scaffold486" 195500
"Scaffold486" 196500
"Scaffold486" 197500
"Scaffold486" 209500
"Scaffold486" 210500
"Scaffold488" 58500
"Scaffold488" 105500
"Scaffold488" 106500
"Scaffold488" 107500
"Scaffold488" 108500
"Scaffold489" 128500
"Scaffold489" 134500
"Scaffold489" 135500
"Scaffold489" 240500
"Scaffold489" 241500
"Scaffold489" 242500
"Scaffold489" 243500
"Scaffold489" 244500
"Scaffold489" 261500
"Scaffold490" 222500
"Scaffold490" 223500
"Scaffold490" 224500
"Scaffold490" 225500
"Scaffold490" 226500
"Scaffold491" 149500
"Scaffold491" 150500
"Scaffold492" 39500
"Scaffold492" 40500
"Scaffold492" 157500
"Scaffold492" 158500
"Scaffold492" 171500
"Scaffold493" 32500
"Scaffold493" 33500
"Scaffold494" 188500
"Scaffold494" 189500
"Scaffold495" 77500
"Scaffold495" 78500
"Scaffold499" 22500
"Scaffold499" 23500
"Scaffold499" 24500
"Scaffold499" 25500
"Scaffold499" 26500
"Scaffold499" 37500
"Scaffold499" 109500
"Scaffold499" 110500
"Scaffold499" 111500
"Scaffold499" 112500
"Scaffold499" 113500
"Scaffold499" 118500
"Scaffold499" 119500
"Scaffold499" 120500
"Scaffold499" 236500
"Scaffold499" 237500
"Scaffold505" 48500
"Scaffold505" 49500
"Scaffold505" 250500
"Scaffold506" 16500
"Scaffold506" 119500
"Scaffold506" 120500
"Scaffold506" 121500
"Scaffold506" 122500
"Scaffold506" 123500
"Scaffold506" 124500
"Scaffold506" 125500
"Scaffold506" 126500
"Scaffold510" 15500
"Scaffold510" 16500
"Scaffold513" 222500
"Scaffold515" 48500
"Scaffold515" 239500
"Scaffold516" 41500
"Scaffold517" 68500
"Scaffold519" 348500
"Scaffold521" 177500
"Scaffold526" 4500
"Scaffold530" 103500
"Scaffold530" 105500
"Scaffold530" 106500
"Scaffold534" 190500
"Scaffold535" 56500
"Scaffold535" 57500
"Scaffold535" 58500
"Scaffold535" 59500
"Scaffold535" 60500
"Scaffold536" 186500
"Scaffold537" 32500
"Scaffold538" 210500
"Scaffold538" 211500
"Scaffold540" 183500
"Scaffold541" 200500
"Scaffold541" 201500
"Scaffold541" 202500
"Scaffold541" 203500
"Scaffold541" 210500
"Scaffold541" 211500
"Scaffold541" 212500
"Scaffold543" 237500
"Scaffold547" 38500
"Scaffold548" 124500
"Scaffold552" 176500
"Scaffold555" 118500
"Scaffold555" 122500
"Scaffold563" 185500
"Scaffold563" 188500
"Scaffold565" 64500
"Scaffold565" 65500
"Scaffold565" 107500
"Scaffold565" 147500
"Scaffold565" 148500
"Scaffold565" 182500
"Scaffold565" 183500
"Scaffold565" 184500
"Scaffold565" 185500
"Scaffold567" 84500
"Scaffold567" 85500
"Scaffold567" 86500
"Scaffold567" 87500
"Scaffold567" 88500
"Scaffold568" 127500
"Scaffold568" 129500
"Scaffold568" 130500
"Scaffold568" 131500
"Scaffold568" 133500
"Scaffold568" 134500
"Scaffold577" 9500
"Scaffold577" 10500
"Scaffold577" 11500
"Scaffold577" 12500
"Scaffold577" 135500
"Scaffold577" 136500
"Scaffold577" 137500
"Scaffold577" 138500
"Scaffold577" 139500
"Scaffold578" 83500
"Scaffold578" 84500
"Scaffold578" 85500
"Scaffold578" 86500
"Scaffold578" 87500
"Scaffold578" 99500
"Scaffold578" 100500
"Scaffold579" 41500
"Scaffold581" 26500
"Scaffold581" 27500
"Scaffold581" 59500
"Scaffold590" 102500
"Scaffold590" 103500
"Scaffold590" 175500
"Scaffold590" 176500
"Scaffold590" 177500
"Scaffold593" 91500
"Scaffold594" 106500
"Scaffold597" 92500
"Scaffold598" 60500
"Scaffold598" 61500
"Scaffold598" 71500
"Scaffold598" 72500
"Scaffold603" 102500
"Scaffold606" 72500
"Scaffold608" 91500
"Scaffold612" 98500
"Scaffold613" 177500
"Scaffold617" 82500
"Scaffold617" 83500
"Scaffold617" 84500
"Scaffold629" 39500
"Scaffold629" 81500
"Scaffold629" 82500
"Scaffold629" 83500
"Scaffold629" 84500
"Scaffold629" 102500
"Scaffold629" 103500
"Scaffold629" 104500
"Scaffold631" 206500
"Scaffold632" 68500
"Scaffold632" 69500
"Scaffold632" 70500
"Scaffold637" 25500
"Scaffold637" 26500
"Scaffold637" 27500
"Scaffold637" 28500
"Scaffold645" 101500
"Scaffold645" 102500
"Scaffold645" 103500
"Scaffold645" 104500
"Scaffold645" 105500
"Scaffold651" 58500
"Scaffold651" 59500
"Scaffold658" 90500
"Scaffold660" 32500
"Scaffold660" 48500
"Scaffold660" 49500
"Scaffold664" 77500
"Scaffold666" 60500
"Scaffold667" 13500
"Scaffold667" 14500
"Scaffold667" 15500
"Scaffold667" 16500
"Scaffold667" 17500
"Scaffold668" 30500
"Scaffold668" 31500
"Scaffold668" 32500
"Scaffold668" 54500
"Scaffold668" 55500
"Scaffold668" 57500
"Scaffold668" 58500
"Scaffold671" 72500
"Scaffold671" 74500
"Scaffold671" 79500
"Scaffold671" 80500
"Scaffold675" 101500
"Scaffold683" 105500
"Scaffold683" 106500
"Scaffold683" 107500
"Scaffold686" 40500
"Scaffold686" 41500
"Scaffold686" 42500
"Scaffold687" 116500
"Scaffold692" 24500
"Scaffold694" 73500
"Scaffold703" 42500
"Scaffold703" 43500
"Scaffold703" 44500
"Scaffold703" 47500
"Scaffold719" 76500
"Scaffold720" 63500
"Scaffold722" 15500
"Scaffold722" 16500
"Scaffold722" 17500
"Scaffold722" 18500
"Scaffold722" 50500
"Scaffold722" 67500
"Scaffold730" 81500
"Scaffold731" 6500
"Scaffold734" 65500
"Scaffold735" 52500
"Scaffold744" 37500
"Scaffold765" 59500
"Scaffold765" 60500
"Scaffold765" 61500
"Scaffold769" 18500
"Scaffold770" 71500
"Scaffold770" 72500
"Scaffold777" 42500
"Scaffold777" 43500
"Scaffold784" 2500
"Scaffold784" 3500
"Scaffold825" 61500
"Scaffold836" 11500
"Scaffold839" 31500
"Scaffold839" 32500
"Scaffold839" 33500
"Scaffold839" 34500
"Scaffold839" 35500
"Scaffold840" 6500
"Scaffold848" 26500
"Scaffold853" 54500
"Scaffold853" 55500
"Scaffold876" 3500
"Scaffold876" 4500
"Scaffold876" 16500
"Scaffold876" 20500
"Scaffold877" 8500
"Scaffold877" 9500
"Scaffold877" 10500
"Scaffold877" 11500
"Scaffold877" 12500
"Scaffold889" 48500
"Scaffold928" 21500
"Scaffold1197" 2500
"Scaffold1357" 2500
"Scaffold1357" 3500
"Scaffold1357" 4500
"Scaffold1357" 5500
"Scaffold1361" 5500
"Scaffold1586" 2500
"Scaffold1586" 3500
"Scaffold1744" 2500
"Scaffold1744" 3500
"Scaffold1887" 2500
"Scaffold1936" 2500
"Scaffold2332" 2500
"Scaffold2346" 2500
"Scaffold2864" 2500
"Scaffold2895" 3500
"Scaffold2983" 2500
"Scaffold2989" 2500
"Scaffold3030" 2500
"Scaffold3062" 2500
"Scaffold3062" 3500
"Scaffold3062" 5500
"Scaffold3228" 3500
"Scaffold3228" 4500
"Scaffold3321" 2500
"Scaffold3351" 2500
"Scaffold3378" 3500
"Scaffold3987" 2500
"Scaffold4018" 2500
"Scaffold4413" 2500
"Scaffold4473" 2500
"Scaffold4684" 7500
"Scaffold4722" 3500
"Scaffold4982" 2500
"Scaffold5314" 2500
"Scaffold5525" 2500
"Scaffold5533" 2500
"Scaffold5584" 2500
"Scaffold6050" 2500
"Scaffold6469" 2500
"Scaffold6647" 2500
"Scaffold6649" 2500
"Scaffold6693" 2500
