"Scaffold1" 611500
"Scaffold1" 844500
"Scaffold1" 1019500
"Scaffold1" 1020500
"Scaffold1" 1021500
"Scaffold1" 1022500
"Scaffold1" 1023500
"Scaffold1" 1221500
"Scaffold1" 1222500
"Scaffold1" 1223500
"Scaffold1" 1224500
"Scaffold1" 1506500
"Scaffold1" 1507500
"Scaffold1" 2202500
"Scaffold1" 2203500
"Scaffold1" 2235500
"Scaffold1" 2283500
"Scaffold1" 2631500
"Scaffold1" 2682500
"Scaffold1" 2683500
"Scaffold1" 2684500
"Scaffold1" 3698500
"Scaffold1" 3699500
"Scaffold1" 3710500
"Scaffold1" 3734500
"Scaffold1" 3894500
"Scaffold1" 3895500
"Scaffold1" 5118500
"Scaffold1" 5119500
"Scaffold1" 5706500
"Scaffold1" 5712500
"Scaffold1" 6164500
"Scaffold1" 6168500
"Scaffold1" 7072500
"Scaffold1" 7073500
"Scaffold1" 7087500
"Scaffold1" 7088500
"Scaffold1" 7140500
"Scaffold1" 7141500
"Scaffold1" 7271500
"Scaffold1" 7272500
"Scaffold1" 7273500
"Scaffold1" 7274500
"Scaffold2" 1040500
"Scaffold2" 1884500
"Scaffold2" 1885500
"Scaffold2" 1886500
"Scaffold2" 3125500
"Scaffold2" 3126500
"Scaffold2" 3127500
"Scaffold2" 3581500
"Scaffold2" 4442500
"Scaffold3" 190500
"Scaffold3" 191500
"Scaffold3" 192500
"Scaffold3" 193500
"Scaffold3" 614500
"Scaffold3" 615500
"Scaffold3" 947500
"Scaffold3" 948500
"Scaffold3" 1024500
"Scaffold3" 1025500
"Scaffold3" 1026500
"Scaffold3" 1027500
"Scaffold3" 1028500
"Scaffold3" 1135500
"Scaffold3" 1146500
"Scaffold3" 1147500
"Scaffold3" 1148500
"Scaffold3" 1150500
"Scaffold3" 1151500
"Scaffold3" 1152500
"Scaffold3" 1153500
"Scaffold3" 1210500
"Scaffold3" 1211500
"Scaffold3" 1264500
"Scaffold3" 1281500
"Scaffold3" 1323500
"Scaffold3" 1329500
"Scaffold3" 1336500
"Scaffold3" 1472500
"Scaffold3" 1473500
"Scaffold3" 1474500
"Scaffold3" 1475500
"Scaffold3" 1476500
"Scaffold3" 1505500
"Scaffold3" 1550500
"Scaffold3" 1578500
"Scaffold3" 1579500
"Scaffold3" 1887500
"Scaffold3" 2263500
"Scaffold3" 2264500
"Scaffold3" 2265500
"Scaffold3" 2328500
"Scaffold3" 3545500
"Scaffold3" 3546500
"Scaffold3" 3547500
"Scaffold3" 3548500
"Scaffold3" 3555500
"Scaffold3" 3556500
"Scaffold3" 3557500
"Scaffold3" 3558500
"Scaffold3" 3911500
"Scaffold3" 4156500
"Scaffold3" 4210500
"Scaffold3" 4251500
"Scaffold4" 1944500
"Scaffold5" 132500
"Scaffold5" 161500
"Scaffold5" 1510500
"Scaffold5" 1544500
"Scaffold5" 3613500
"Scaffold6" 173500
"Scaffold6" 661500
"Scaffold6" 1573500
"Scaffold6" 2450500
"Scaffold6" 2451500
"Scaffold6" 2452500
"Scaffold6" 2453500
"Scaffold6" 2587500
"Scaffold6" 2651500
"Scaffold6" 2653500
"Scaffold6" 2654500
"Scaffold6" 2655500
"Scaffold6" 2823500
"Scaffold6" 2901500
"Scaffold6" 2917500
"Scaffold6" 2953500
"Scaffold6" 2954500
"Scaffold7" 17500
"Scaffold7" 18500
"Scaffold7" 83500
"Scaffold7" 84500
"Scaffold7" 85500
"Scaffold7" 614500
"Scaffold7" 618500
"Scaffold7" 644500
"Scaffold7" 645500
"Scaffold7" 647500
"Scaffold7" 775500
"Scaffold7" 982500
"Scaffold7" 1437500
"Scaffold8" 887500
"Scaffold8" 917500
"Scaffold8" 1049500
"Scaffold8" 1144500
"Scaffold8" 1145500
"Scaffold8" 1274500
"Scaffold8" 1275500
"Scaffold8" 1452500
"Scaffold8" 1592500
"Scaffold8" 1594500
"Scaffold8" 1915500
"Scaffold8" 2096500
"Scaffold8" 2290500
"Scaffold8" 2291500
"Scaffold9" 529500
"Scaffold9" 703500
"Scaffold9" 705500
"Scaffold9" 706500
"Scaffold9" 1134500
"Scaffold9" 1135500
"Scaffold9" 1202500
"Scaffold9" 1203500
"Scaffold9" 1204500
"Scaffold9" 1205500
"Scaffold9" 1206500
"Scaffold9" 1395500
"Scaffold9" 1406500
"Scaffold9" 1540500
"Scaffold9" 1541500
"Scaffold9" 1542500
"Scaffold9" 1543500
"Scaffold9" 1544500
"Scaffold9" 2838500
"Scaffold9" 2839500
"Scaffold9" 2840500
"Scaffold9" 2841500
"Scaffold9" 2842500
"Scaffold9" 2974500
"Scaffold9" 3215500
"Scaffold10" 35500
"Scaffold10" 36500
"Scaffold10" 37500
"Scaffold10" 315500
"Scaffold10" 562500
"Scaffold10" 563500
"Scaffold10" 1126500
"Scaffold10" 1127500
"Scaffold10" 1137500
"Scaffold11" 652500
"Scaffold11" 653500
"Scaffold11" 654500
"Scaffold11" 690500
"Scaffold11" 1025500
"Scaffold11" 1026500
"Scaffold11" 1027500
"Scaffold11" 1028500
"Scaffold11" 1029500
"Scaffold11" 2386500
"Scaffold11" 2387500
"Scaffold11" 2388500
"Scaffold12" 1042500
"Scaffold12" 1043500
"Scaffold12" 1109500
"Scaffold12" 1721500
"Scaffold13" 1452500
"Scaffold13" 1596500
"Scaffold13" 1694500
"Scaffold13" 1857500
"Scaffold13" 2272500
"Scaffold13" 2498500
"Scaffold13" 2499500
"Scaffold13" 2500500
"Scaffold14" 216500
"Scaffold14" 218500
"Scaffold14" 889500
"Scaffold14" 1235500
"Scaffold14" 1236500
"Scaffold14" 1237500
"Scaffold14" 1238500
"Scaffold14" 1239500
"Scaffold14" 1478500
"Scaffold14" 1479500
"Scaffold14" 1480500
"Scaffold14" 1481500
"Scaffold14" 1482500
"Scaffold14" 1644500
"Scaffold14" 2573500
"Scaffold15" 880500
"Scaffold15" 1467500
"Scaffold15" 1468500
"Scaffold15" 2295500
"Scaffold15" 2322500
"Scaffold16" 130500
"Scaffold16" 131500
"Scaffold16" 1391500
"Scaffold16" 1392500
"Scaffold16" 1403500
"Scaffold16" 1404500
"Scaffold16" 1836500
"Scaffold16" 1837500
"Scaffold16" 1838500
"Scaffold17" 10500
"Scaffold17" 11500
"Scaffold17" 141500
"Scaffold17" 142500
"Scaffold17" 143500
"Scaffold17" 144500
"Scaffold17" 236500
"Scaffold17" 237500
"Scaffold17" 284500
"Scaffold17" 419500
"Scaffold17" 420500
"Scaffold17" 421500
"Scaffold17" 731500
"Scaffold17" 1272500
"Scaffold17" 1273500
"Scaffold18" 317500
"Scaffold18" 550500
"Scaffold18" 581500
"Scaffold18" 615500
"Scaffold18" 616500
"Scaffold18" 916500
"Scaffold18" 1236500
"Scaffold18" 1482500
"Scaffold18" 1511500
"Scaffold18" 1814500
"Scaffold18" 1815500
"Scaffold18" 1887500
"Scaffold18" 1888500
"Scaffold18" 1889500
"Scaffold19" 485500
"Scaffold19" 928500
"Scaffold19" 1292500
"Scaffold19" 1293500
"Scaffold19" 1294500
"Scaffold19" 1702500
"Scaffold19" 1788500
"Scaffold19" 2044500
"Scaffold19" 2045500
"Scaffold19" 2046500
"Scaffold19" 2047500
"Scaffold19" 2127500
"Scaffold20" 203500
"Scaffold20" 204500
"Scaffold20" 205500
"Scaffold20" 206500
"Scaffold20" 207500
"Scaffold20" 1159500
"Scaffold20" 1160500
"Scaffold20" 1521500
"Scaffold20" 1522500
"Scaffold20" 1610500
"Scaffold20" 1611500
"Scaffold20" 1612500
"Scaffold20" 1613500
"Scaffold20" 2106500
"Scaffold21" 1373500
"Scaffold21" 1398500
"Scaffold21" 1399500
"Scaffold21" 1634500
"Scaffold21" 1635500
"Scaffold21" 1871500
"Scaffold21" 2063500
"Scaffold21" 2064500
"Scaffold21" 2065500
"Scaffold21" 2066500
"Scaffold21" 2067500
"Scaffold22" 76500
"Scaffold22" 371500
"Scaffold22" 372500
"Scaffold22" 373500
"Scaffold22" 520500
"Scaffold22" 816500
"Scaffold22" 1190500
"Scaffold22" 1191500
"Scaffold22" 1192500
"Scaffold23" 1655500
"Scaffold23" 2005500
"Scaffold23" 2104500
"Scaffold23" 2107500
"Scaffold23" 2108500
"Scaffold24" 195500
"Scaffold24" 196500
"Scaffold24" 197500
"Scaffold24" 362500
"Scaffold24" 363500
"Scaffold24" 364500
"Scaffold24" 1374500
"Scaffold24" 1375500
"Scaffold24" 1376500
"Scaffold24" 1377500
"Scaffold24" 1607500
"Scaffold24" 1608500
"Scaffold24" 1980500
"Scaffold24" 1981500
"Scaffold24" 2256500
"Scaffold24" 2295500
"Scaffold25" 667500
"Scaffold25" 668500
"Scaffold25" 669500
"Scaffold25" 684500
"Scaffold25" 1156500
"Scaffold25" 1333500
"Scaffold25" 1334500
"Scaffold25" 1335500
"Scaffold25" 1360500
"Scaffold25" 1483500
"Scaffold26" 147500
"Scaffold26" 521500
"Scaffold26" 719500
"Scaffold26" 720500
"Scaffold26" 771500
"Scaffold26" 824500
"Scaffold26" 825500
"Scaffold26" 1485500
"Scaffold26" 1486500
"Scaffold26" 1487500
"Scaffold26" 1492500
"Scaffold26" 1682500
"Scaffold26" 1683500
"Scaffold26" 1947500
"Scaffold26" 1992500
"Scaffold26" 2044500
"Scaffold26" 2045500
"Scaffold26" 2182500
"Scaffold26" 2183500
"Scaffold26" 2184500
"Scaffold26" 2185500
"Scaffold26" 2186500
"Scaffold27" 556500
"Scaffold27" 1285500
"Scaffold27" 1286500
"Scaffold27" 1289500
"Scaffold27" 1290500
"Scaffold27" 1292500
"Scaffold27" 1293500
"Scaffold27" 1501500
"Scaffold27" 1723500
"Scaffold28" 40500
"Scaffold28" 41500
"Scaffold28" 660500
"Scaffold28" 661500
"Scaffold28" 662500
"Scaffold28" 663500
"Scaffold28" 664500
"Scaffold28" 849500
"Scaffold29" 197500
"Scaffold29" 698500
"Scaffold29" 1922500
"Scaffold29" 1923500
"Scaffold29" 1924500
"Scaffold29" 1925500
"Scaffold29" 1926500
"Scaffold30" 205500
"Scaffold30" 206500
"Scaffold30" 448500
"Scaffold30" 925500
"Scaffold30" 950500
"Scaffold31" 458500
"Scaffold31" 710500
"Scaffold31" 711500
"Scaffold31" 900500
"Scaffold31" 1375500
"Scaffold32" 440500
"Scaffold32" 441500
"Scaffold32" 1024500
"Scaffold32" 1025500
"Scaffold32" 1250500
"Scaffold32" 1251500
"Scaffold32" 1252500
"Scaffold32" 1253500
"Scaffold32" 1254500
"Scaffold32" 1263500
"Scaffold32" 1264500
"Scaffold32" 1265500
"Scaffold32" 1266500
"Scaffold32" 1386500
"Scaffold32" 1387500
"Scaffold32" 1470500
"Scaffold33" 202500
"Scaffold33" 858500
"Scaffold33" 859500
"Scaffold33" 860500
"Scaffold33" 965500
"Scaffold33" 966500
"Scaffold33" 967500
"Scaffold33" 968500
"Scaffold33" 969500
"Scaffold33" 1415500
"Scaffold33" 1766500
"Scaffold33" 1767500
"Scaffold34" 391500
"Scaffold34" 392500
"Scaffold34" 393500
"Scaffold34" 779500
"Scaffold34" 780500
"Scaffold34" 872500
"Scaffold35" 187500
"Scaffold35" 654500
"Scaffold35" 827500
"Scaffold35" 828500
"Scaffold35" 829500
"Scaffold35" 830500
"Scaffold35" 832500
"Scaffold35" 1608500
"Scaffold36" 452500
"Scaffold36" 453500
"Scaffold36" 454500
"Scaffold36" 455500
"Scaffold36" 523500
"Scaffold36" 524500
"Scaffold36" 544500
"Scaffold36" 545500
"Scaffold36" 628500
"Scaffold36" 672500
"Scaffold37" 233500
"Scaffold37" 660500
"Scaffold37" 1073500
"Scaffold37" 1074500
"Scaffold37" 1075500
"Scaffold37" 1076500
"Scaffold37" 1219500
"Scaffold37" 1220500
"Scaffold38" 873500
"Scaffold38" 874500
"Scaffold38" 875500
"Scaffold38" 876500
"Scaffold39" 660500
"Scaffold39" 661500
"Scaffold39" 865500
"Scaffold39" 909500
"Scaffold39" 1057500
"Scaffold39" 1058500
"Scaffold39" 1059500
"Scaffold39" 1231500
"Scaffold39" 1326500
"Scaffold39" 1327500
"Scaffold39" 1328500
"Scaffold39" 1329500
"Scaffold39" 1330500
"Scaffold39" 1439500
"Scaffold39" 1493500
"Scaffold39" 1514500
"Scaffold39" 1515500
"Scaffold40" 630500
"Scaffold40" 1420500
"Scaffold41" 381500
"Scaffold41" 382500
"Scaffold41" 384500
"Scaffold41" 432500
"Scaffold41" 864500
"Scaffold42" 810500
"Scaffold42" 814500
"Scaffold43" 891500
"Scaffold43" 894500
"Scaffold43" 1340500
"Scaffold43" 1341500
"Scaffold43" 1343500
"Scaffold43" 1344500
"Scaffold43" 1353500
"Scaffold43" 1354500
"Scaffold43" 1355500
"Scaffold43" 1795500
"Scaffold44" 115500
"Scaffold44" 116500
"Scaffold44" 624500
"Scaffold44" 674500
"Scaffold44" 675500
"Scaffold44" 676500
"Scaffold44" 677500
"Scaffold44" 696500
"Scaffold44" 1261500
"Scaffold44" 1262500
"Scaffold44" 1263500
"Scaffold44" 1382500
"Scaffold44" 1383500
"Scaffold44" 1468500
"Scaffold44" 1557500
"Scaffold45" 101500
"Scaffold45" 102500
"Scaffold45" 103500
"Scaffold45" 104500
"Scaffold45" 437500
"Scaffold45" 440500
"Scaffold45" 561500
"Scaffold45" 563500
"Scaffold45" 564500
"Scaffold45" 565500
"Scaffold45" 566500
"Scaffold45" 567500
"Scaffold45" 580500
"Scaffold45" 581500
"Scaffold45" 582500
"Scaffold45" 708500
"Scaffold45" 765500
"Scaffold45" 766500
"Scaffold45" 767500
"Scaffold45" 768500
"Scaffold45" 769500
"Scaffold45" 775500
"Scaffold45" 811500
"Scaffold45" 812500
"Scaffold45" 1063500
"Scaffold45" 1064500
"Scaffold45" 1065500
"Scaffold45" 1066500
"Scaffold45" 1067500
"Scaffold45" 1203500
"Scaffold45" 1218500
"Scaffold46" 61500
"Scaffold46" 62500
"Scaffold46" 504500
"Scaffold46" 505500
"Scaffold46" 784500
"Scaffold46" 785500
"Scaffold46" 1602500
"Scaffold46" 1670500
"Scaffold46" 1940500
"Scaffold46" 1941500
"Scaffold46" 1942500
"Scaffold46" 1943500
"Scaffold46" 1947500
"Scaffold47" 1083500
"Scaffold47" 1084500
"Scaffold48" 387500
"Scaffold48" 584500
"Scaffold49" 588500
"Scaffold50" 547500
"Scaffold50" 548500
"Scaffold50" 938500
"Scaffold50" 939500
"Scaffold50" 940500
"Scaffold50" 1050500
"Scaffold51" 181500
"Scaffold51" 182500
"Scaffold51" 838500
"Scaffold51" 1229500
"Scaffold51" 1231500
"Scaffold52" 105500
"Scaffold52" 106500
"Scaffold52" 107500
"Scaffold52" 108500
"Scaffold52" 216500
"Scaffold52" 217500
"Scaffold52" 318500
"Scaffold52" 319500
"Scaffold52" 684500
"Scaffold52" 685500
"Scaffold52" 686500
"Scaffold52" 687500
"Scaffold52" 731500
"Scaffold52" 1050500
"Scaffold52" 1469500
"Scaffold52" 1504500
"Scaffold52" 1505500
"Scaffold52" 1506500
"Scaffold53" 764500
"Scaffold54" 8500
"Scaffold55" 169500
"Scaffold55" 403500
"Scaffold55" 404500
"Scaffold55" 873500
"Scaffold55" 874500
"Scaffold55" 1123500
"Scaffold55" 1247500
"Scaffold55" 1248500
"Scaffold55" 1249500
"Scaffold55" 1353500
"Scaffold55" 1354500
"Scaffold55" 1355500
"Scaffold55" 1356500
"Scaffold55" 1542500
"Scaffold56" 384500
"Scaffold56" 385500
"Scaffold56" 386500
"Scaffold56" 387500
"Scaffold56" 833500
"Scaffold56" 1198500
"Scaffold56" 1199500
"Scaffold56" 1200500
"Scaffold56" 1380500
"Scaffold57" 157500
"Scaffold57" 693500
"Scaffold57" 955500
"Scaffold57" 956500
"Scaffold58" 700500
"Scaffold58" 706500
"Scaffold58" 707500
"Scaffold58" 708500
"Scaffold58" 933500
"Scaffold58" 934500
"Scaffold58" 935500
"Scaffold58" 936500
"Scaffold58" 1321500
"Scaffold58" 1365500
"Scaffold58" 1366500
"Scaffold58" 1367500
"Scaffold59" 291500
"Scaffold59" 753500
"Scaffold59" 754500
"Scaffold59" 845500
"Scaffold59" 853500
"Scaffold60" 236500
"Scaffold60" 399500
"Scaffold60" 400500
"Scaffold60" 911500
"Scaffold60" 912500
"Scaffold60" 913500
"Scaffold60" 1234500
"Scaffold60" 1305500
"Scaffold60" 1306500
"Scaffold61" 348500
"Scaffold62" 1608500
"Scaffold63" 641500
"Scaffold63" 642500
"Scaffold63" 643500
"Scaffold63" 644500
"Scaffold63" 645500
"Scaffold63" 1049500
"Scaffold63" 1050500
"Scaffold64" 217500
"Scaffold64" 218500
"Scaffold64" 380500
"Scaffold64" 381500
"Scaffold64" 617500
"Scaffold64" 799500
"Scaffold64" 800500
"Scaffold64" 801500
"Scaffold64" 872500
"Scaffold65" 1315500
"Scaffold66" 91500
"Scaffold66" 92500
"Scaffold66" 177500
"Scaffold66" 448500
"Scaffold66" 449500
"Scaffold66" 450500
"Scaffold66" 451500
"Scaffold66" 1434500
"Scaffold66" 1435500
"Scaffold67" 490500
"Scaffold67" 491500
"Scaffold67" 590500
"Scaffold67" 591500
"Scaffold67" 602500
"Scaffold67" 603500
"Scaffold67" 619500
"Scaffold67" 620500
"Scaffold67" 621500
"Scaffold67" 622500
"Scaffold67" 623500
"Scaffold67" 829500
"Scaffold67" 951500
"Scaffold68" 566500
"Scaffold68" 567500
"Scaffold68" 585500
"Scaffold68" 586500
"Scaffold68" 587500
"Scaffold68" 588500
"Scaffold68" 594500
"Scaffold68" 630500
"Scaffold68" 631500
"Scaffold68" 632500
"Scaffold68" 642500
"Scaffold68" 643500
"Scaffold68" 644500
"Scaffold68" 655500
"Scaffold68" 656500
"Scaffold68" 664500
"Scaffold68" 665500
"Scaffold68" 666500
"Scaffold68" 667500
"Scaffold68" 668500
"Scaffold68" 669500
"Scaffold68" 670500
"Scaffold68" 671500
"Scaffold68" 672500
"Scaffold68" 673500
"Scaffold68" 690500
"Scaffold68" 691500
"Scaffold68" 692500
"Scaffold68" 693500
"Scaffold68" 696500
"Scaffold68" 697500
"Scaffold68" 780500
"Scaffold68" 895500
"Scaffold68" 896500
"Scaffold68" 1391500
"Scaffold68" 1392500
"Scaffold68" 1393500
"Scaffold68" 1394500
"Scaffold68" 1395500
"Scaffold69" 1320500
"Scaffold70" 423500
"Scaffold70" 614500
"Scaffold70" 802500
"Scaffold70" 803500
"Scaffold70" 804500
"Scaffold72" 728500
"Scaffold72" 729500
"Scaffold73" 34500
"Scaffold73" 35500
"Scaffold73" 36500
"Scaffold73" 37500
"Scaffold73" 38500
"Scaffold73" 332500
"Scaffold73" 393500
"Scaffold73" 681500
"Scaffold73" 682500
"Scaffold73" 683500
"Scaffold73" 684500
"Scaffold73" 758500
"Scaffold74" 681500
"Scaffold74" 682500
"Scaffold74" 683500
"Scaffold76" 24500
"Scaffold76" 72500
"Scaffold76" 73500
"Scaffold76" 74500
"Scaffold76" 1215500
"Scaffold76" 1398500
"Scaffold77" 70500
"Scaffold77" 71500
"Scaffold77" 186500
"Scaffold78" 138500
"Scaffold78" 139500
"Scaffold78" 278500
"Scaffold78" 279500
"Scaffold78" 280500
"Scaffold79" 463500
"Scaffold79" 639500
"Scaffold79" 640500
"Scaffold80" 82500
"Scaffold80" 83500
"Scaffold80" 540500
"Scaffold80" 1298500
"Scaffold81" 421500
"Scaffold81" 422500
"Scaffold81" 425500
"Scaffold81" 561500
"Scaffold81" 562500
"Scaffold81" 563500
"Scaffold81" 564500
"Scaffold81" 1075500
"Scaffold82" 283500
"Scaffold82" 284500
"Scaffold82" 903500
"Scaffold82" 1219500
"Scaffold82" 1220500
"Scaffold82" 1222500
"Scaffold82" 1234500
"Scaffold82" 1235500
"Scaffold83" 12500
"Scaffold83" 251500
"Scaffold83" 252500
"Scaffold83" 253500
"Scaffold83" 663500
"Scaffold83" 664500
"Scaffold83" 665500
"Scaffold83" 1114500
"Scaffold83" 1115500
"Scaffold84" 352500
"Scaffold84" 640500
"Scaffold84" 717500
"Scaffold84" 800500
"Scaffold84" 851500
"Scaffold84" 852500
"Scaffold84" 970500
"Scaffold84" 1035500
"Scaffold84" 1103500
"Scaffold84" 1104500
"Scaffold85" 216500
"Scaffold85" 217500
"Scaffold85" 224500
"Scaffold85" 225500
"Scaffold85" 277500
"Scaffold85" 648500
"Scaffold85" 649500
"Scaffold85" 770500
"Scaffold85" 771500
"Scaffold85" 858500
"Scaffold85" 860500
"Scaffold85" 861500
"Scaffold85" 901500
"Scaffold85" 902500
"Scaffold86" 89500
"Scaffold86" 90500
"Scaffold86" 369500
"Scaffold86" 450500
"Scaffold88" 890500
"Scaffold89" 1040500
"Scaffold89" 1116500
"Scaffold90" 1077500
"Scaffold90" 1078500
"Scaffold91" 64500
"Scaffold91" 307500
"Scaffold91" 309500
"Scaffold91" 310500
"Scaffold91" 311500
"Scaffold91" 631500
"Scaffold91" 632500
"Scaffold91" 703500
"Scaffold91" 1031500
"Scaffold91" 1032500
"Scaffold92" 283500
"Scaffold92" 284500
"Scaffold92" 519500
"Scaffold92" 889500
"Scaffold93" 9500
"Scaffold93" 10500
"Scaffold93" 11500
"Scaffold93" 602500
"Scaffold93" 603500
"Scaffold96" 30500
"Scaffold97" 175500
"Scaffold97" 176500
"Scaffold97" 715500
"Scaffold97" 716500
"Scaffold97" 717500
"Scaffold97" 718500
"Scaffold97" 719500
"Scaffold97" 759500
"Scaffold97" 761500
"Scaffold97" 762500
"Scaffold97" 763500
"Scaffold97" 866500
"Scaffold97" 880500
"Scaffold97" 1036500
"Scaffold98" 368500
"Scaffold99" 997500
"Scaffold99" 998500
"Scaffold99" 999500
"Scaffold99" 1049500
"Scaffold99" 1079500
"Scaffold99" 1080500
"Scaffold99" 1081500
"Scaffold100" 69500
"Scaffold100" 70500
"Scaffold101" 8500
"Scaffold101" 513500
"Scaffold101" 1024500
"Scaffold102" 289500
"Scaffold102" 465500
"Scaffold102" 583500
"Scaffold102" 584500
"Scaffold103" 50500
"Scaffold103" 56500
"Scaffold103" 322500
"Scaffold103" 323500
"Scaffold103" 324500
"Scaffold103" 338500
"Scaffold103" 368500
"Scaffold103" 429500
"Scaffold103" 565500
"Scaffold103" 705500
"Scaffold103" 924500
"Scaffold103" 925500
"Scaffold103" 961500
"Scaffold104" 912500
"Scaffold105" 416500
"Scaffold105" 505500
"Scaffold105" 506500
"Scaffold106" 379500
"Scaffold106" 380500
"Scaffold106" 381500
"Scaffold106" 382500
"Scaffold106" 383500
"Scaffold106" 384500
"Scaffold106" 385500
"Scaffold106" 386500
"Scaffold107" 383500
"Scaffold107" 384500
"Scaffold108" 220500
"Scaffold108" 221500
"Scaffold108" 510500
"Scaffold109" 880500
"Scaffold109" 881500
"Scaffold109" 882500
"Scaffold111" 2500
"Scaffold112" 200500
"Scaffold112" 201500
"Scaffold112" 202500
"Scaffold112" 203500
"Scaffold113" 58500
"Scaffold113" 59500
"Scaffold113" 172500
"Scaffold113" 490500
"Scaffold113" 931500
"Scaffold114" 23500
"Scaffold114" 24500
"Scaffold114" 25500
"Scaffold114" 26500
"Scaffold114" 27500
"Scaffold114" 183500
"Scaffold114" 184500
"Scaffold114" 185500
"Scaffold114" 315500
"Scaffold114" 316500
"Scaffold114" 377500
"Scaffold114" 378500
"Scaffold114" 482500
"Scaffold114" 483500
"Scaffold114" 484500
"Scaffold114" 485500
"Scaffold114" 486500
"Scaffold114" 533500
"Scaffold114" 534500
"Scaffold114" 535500
"Scaffold114" 765500
"Scaffold114" 776500
"Scaffold114" 788500
"Scaffold114" 789500
"Scaffold114" 967500
"Scaffold115" 892500
"Scaffold116" 1010500
"Scaffold116" 1058500
"Scaffold116" 1059500
"Scaffold117" 23500
"Scaffold117" 24500
"Scaffold117" 25500
"Scaffold117" 26500
"Scaffold118" 686500
"Scaffold118" 705500
"Scaffold118" 706500
"Scaffold118" 803500
"Scaffold118" 804500
"Scaffold118" 805500
"Scaffold118" 806500
"Scaffold119" 273500
"Scaffold119" 694500
"Scaffold119" 695500
"Scaffold119" 1010500
"Scaffold119" 1011500
"Scaffold120" 491500
"Scaffold120" 549500
"Scaffold120" 588500
"Scaffold120" 614500
"Scaffold120" 922500
"Scaffold121" 255500
"Scaffold123" 163500
"Scaffold123" 164500
"Scaffold123" 165500
"Scaffold123" 166500
"Scaffold123" 625500
"Scaffold124" 537500
"Scaffold124" 969500
"Scaffold125" 239500
"Scaffold126" 333500
"Scaffold126" 334500
"Scaffold126" 672500
"Scaffold126" 675500
"Scaffold128" 43500
"Scaffold128" 44500
"Scaffold128" 45500
"Scaffold128" 46500
"Scaffold128" 47500
"Scaffold128" 88500
"Scaffold128" 89500
"Scaffold128" 129500
"Scaffold128" 130500
"Scaffold128" 586500
"Scaffold128" 587500
"Scaffold128" 812500
"Scaffold128" 918500
"Scaffold128" 919500
"Scaffold129" 25500
"Scaffold129" 209500
"Scaffold129" 510500
"Scaffold129" 513500
"Scaffold129" 522500
"Scaffold130" 15500
"Scaffold130" 779500
"Scaffold131" 587500
"Scaffold131" 1106500
"Scaffold131" 1107500
"Scaffold131" 1108500
"Scaffold132" 769500
"Scaffold132" 797500
"Scaffold132" 798500
"Scaffold132" 857500
"Scaffold133" 550500
"Scaffold133" 647500
"Scaffold134" 139500
"Scaffold134" 140500
"Scaffold134" 141500
"Scaffold134" 142500
"Scaffold134" 143500
"Scaffold134" 145500
"Scaffold134" 147500
"Scaffold134" 148500
"Scaffold134" 149500
"Scaffold134" 150500
"Scaffold134" 151500
"Scaffold134" 351500
"Scaffold134" 352500
"Scaffold134" 839500
"Scaffold134" 840500
"Scaffold134" 841500
"Scaffold136" 6500
"Scaffold136" 512500
"Scaffold136" 513500
"Scaffold137" 596500
"Scaffold137" 597500
"Scaffold137" 598500
"Scaffold137" 745500
"Scaffold137" 746500
"Scaffold137" 782500
"Scaffold137" 783500
"Scaffold137" 784500
"Scaffold138" 342500
"Scaffold138" 343500
"Scaffold139" 403500
"Scaffold139" 404500
"Scaffold139" 405500
"Scaffold139" 406500
"Scaffold139" 407500
"Scaffold140" 682500
"Scaffold140" 683500
"Scaffold140" 684500
"Scaffold140" 871500
"Scaffold141" 278500
"Scaffold142" 605500
"Scaffold142" 606500
"Scaffold142" 607500
"Scaffold142" 608500
"Scaffold142" 609500
"Scaffold142" 833500
"Scaffold143" 282500
"Scaffold144" 764500
"Scaffold145" 183500
"Scaffold145" 342500
"Scaffold145" 432500
"Scaffold145" 774500
"Scaffold145" 775500
"Scaffold145" 776500
"Scaffold146" 97500
"Scaffold147" 181500
"Scaffold147" 340500
"Scaffold147" 341500
"Scaffold147" 478500
"Scaffold147" 479500
"Scaffold147" 510500
"Scaffold147" 702500
"Scaffold147" 708500
"Scaffold148" 672500
"Scaffold148" 673500
"Scaffold148" 965500
"Scaffold149" 356500
"Scaffold150" 61500
"Scaffold150" 787500
"Scaffold150" 788500
"Scaffold152" 180500
"Scaffold152" 508500
"Scaffold152" 551500
"Scaffold152" 614500
"Scaffold153" 261500
"Scaffold154" 411500
"Scaffold154" 732500
"Scaffold154" 905500
"Scaffold155" 508500
"Scaffold155" 630500
"Scaffold155" 631500
"Scaffold155" 632500
"Scaffold155" 633500
"Scaffold155" 634500
"Scaffold157" 345500
"Scaffold157" 387500
"Scaffold157" 388500
"Scaffold157" 389500
"Scaffold157" 390500
"Scaffold157" 391500
"Scaffold157" 430500
"Scaffold157" 873500
"Scaffold157" 874500
"Scaffold158" 699500
"Scaffold158" 700500
"Scaffold158" 701500
"Scaffold158" 702500
"Scaffold158" 703500
"Scaffold158" 704500
"Scaffold158" 705500
"Scaffold158" 706500
"Scaffold158" 707500
"Scaffold158" 709500
"Scaffold160" 251500
"Scaffold160" 252500
"Scaffold160" 253500
"Scaffold160" 254500
"Scaffold160" 525500
"Scaffold160" 526500
"Scaffold160" 527500
"Scaffold160" 528500
"Scaffold160" 529500
"Scaffold160" 530500
"Scaffold160" 553500
"Scaffold160" 734500
"Scaffold161" 800500
"Scaffold161" 801500
"Scaffold161" 802500
"Scaffold161" 803500
"Scaffold161" 804500
"Scaffold163" 68500
"Scaffold163" 69500
"Scaffold163" 70500
"Scaffold163" 114500
"Scaffold163" 124500
"Scaffold163" 369500
"Scaffold163" 455500
"Scaffold163" 509500
"Scaffold163" 510500
"Scaffold164" 483500
"Scaffold164" 598500
"Scaffold165" 670500
"Scaffold166" 621500
"Scaffold167" 114500
"Scaffold168" 232500
"Scaffold170" 604500
"Scaffold171" 129500
"Scaffold171" 380500
"Scaffold171" 381500
"Scaffold171" 382500
"Scaffold171" 383500
"Scaffold171" 384500
"Scaffold172" 75500
"Scaffold172" 124500
"Scaffold172" 240500
"Scaffold172" 241500
"Scaffold172" 402500
"Scaffold172" 462500
"Scaffold172" 464500
"Scaffold172" 465500
"Scaffold172" 478500
"Scaffold172" 479500
"Scaffold172" 480500
"Scaffold173" 117500
"Scaffold173" 319500
"Scaffold173" 401500
"Scaffold173" 594500
"Scaffold173" 706500
"Scaffold174" 711500
"Scaffold174" 712500
"Scaffold174" 713500
"Scaffold176" 229500
"Scaffold176" 446500
"Scaffold176" 447500
"Scaffold176" 448500
"Scaffold176" 449500
"Scaffold176" 450500
"Scaffold178" 467500
"Scaffold178" 468500
"Scaffold178" 493500
"Scaffold178" 551500
"Scaffold180" 103500
"Scaffold180" 104500
"Scaffold180" 105500
"Scaffold181" 66500
"Scaffold181" 67500
"Scaffold181" 295500
"Scaffold181" 296500
"Scaffold181" 297500
"Scaffold181" 298500
"Scaffold182" 92500
"Scaffold182" 124500
"Scaffold182" 142500
"Scaffold182" 143500
"Scaffold182" 144500
"Scaffold182" 753500
"Scaffold182" 754500
"Scaffold183" 223500
"Scaffold183" 339500
"Scaffold183" 340500
"Scaffold183" 341500
"Scaffold183" 365500
"Scaffold183" 366500
"Scaffold183" 409500
"Scaffold183" 577500
"Scaffold183" 578500
"Scaffold183" 586500
"Scaffold183" 587500
"Scaffold183" 588500
"Scaffold183" 589500
"Scaffold183" 590500
"Scaffold183" 772500
"Scaffold185" 597500
"Scaffold185" 598500
"Scaffold185" 599500
"Scaffold186" 658500
"Scaffold186" 659500
"Scaffold187" 147500
"Scaffold187" 759500
"Scaffold189" 400500
"Scaffold189" 614500
"Scaffold189" 617500
"Scaffold190" 134500
"Scaffold190" 543500
"Scaffold190" 544500
"Scaffold190" 545500
"Scaffold190" 546500
"Scaffold190" 547500
"Scaffold190" 572500
"Scaffold190" 708500
"Scaffold190" 709500
"Scaffold191" 807500
"Scaffold191" 808500
"Scaffold192" 24500
"Scaffold192" 25500
"Scaffold192" 26500
"Scaffold192" 81500
"Scaffold192" 648500
"Scaffold192" 649500
"Scaffold193" 134500
"Scaffold193" 135500
"Scaffold194" 422500
"Scaffold194" 423500
"Scaffold194" 424500
"Scaffold194" 425500
"Scaffold194" 426500
"Scaffold194" 513500
"Scaffold194" 514500
"Scaffold194" 515500
"Scaffold196" 65500
"Scaffold196" 631500
"Scaffold197" 205500
"Scaffold197" 468500
"Scaffold200" 65500
"Scaffold200" 529500
"Scaffold202" 707500
"Scaffold203" 520500
"Scaffold203" 521500
"Scaffold204" 118500
"Scaffold206" 214500
"Scaffold207" 173500
"Scaffold207" 274500
"Scaffold207" 275500
"Scaffold207" 531500
"Scaffold207" 723500
"Scaffold207" 724500
"Scaffold208" 26500
"Scaffold208" 27500
"Scaffold208" 137500
"Scaffold208" 236500
"Scaffold208" 237500
"Scaffold208" 238500
"Scaffold209" 547500
"Scaffold210" 457500
"Scaffold210" 631500
"Scaffold210" 632500
"Scaffold210" 633500
"Scaffold210" 634500
"Scaffold210" 635500
"Scaffold211" 139500
"Scaffold211" 140500
"Scaffold211" 748500
"Scaffold212" 479500
"Scaffold215" 294500
"Scaffold215" 304500
"Scaffold215" 305500
"Scaffold215" 306500
"Scaffold215" 307500
"Scaffold216" 154500
"Scaffold216" 507500
"Scaffold216" 508500
"Scaffold217" 449500
"Scaffold217" 630500
"Scaffold217" 631500
"Scaffold217" 632500
"Scaffold217" 633500
"Scaffold217" 634500
"Scaffold218" 174500
"Scaffold219" 110500
"Scaffold219" 232500
"Scaffold220" 64500
"Scaffold220" 98500
"Scaffold220" 99500
"Scaffold221" 211500
"Scaffold221" 422500
"Scaffold221" 423500
"Scaffold221" 424500
"Scaffold221" 425500
"Scaffold223" 22500
"Scaffold223" 203500
"Scaffold224" 529500
"Scaffold225" 224500
"Scaffold226" 6500
"Scaffold226" 7500
"Scaffold226" 79500
"Scaffold226" 80500
"Scaffold226" 81500
"Scaffold226" 82500
"Scaffold226" 83500
"Scaffold226" 276500
"Scaffold226" 277500
"Scaffold226" 278500
"Scaffold226" 500500
"Scaffold226" 501500
"Scaffold226" 688500
"Scaffold226" 689500
"Scaffold227" 6500
"Scaffold227" 7500
"Scaffold228" 73500
"Scaffold228" 74500
"Scaffold228" 450500
"Scaffold229" 580500
"Scaffold230" 585500
"Scaffold230" 586500
"Scaffold230" 587500
"Scaffold231" 284500
"Scaffold232" 153500
"Scaffold233" 138500
"Scaffold233" 139500
"Scaffold233" 238500
"Scaffold233" 239500
"Scaffold233" 240500
"Scaffold233" 361500
"Scaffold235" 133500
"Scaffold235" 134500
"Scaffold235" 135500
"Scaffold235" 136500
"Scaffold236" 55500
"Scaffold236" 625500
"Scaffold236" 626500
"Scaffold237" 506500
"Scaffold237" 526500
"Scaffold237" 527500
"Scaffold237" 528500
"Scaffold239" 536500
"Scaffold240" 61500
"Scaffold240" 62500
"Scaffold240" 315500
"Scaffold240" 316500
"Scaffold240" 509500
"Scaffold241" 459500
"Scaffold241" 460500
"Scaffold242" 53500
"Scaffold242" 54500
"Scaffold242" 124500
"Scaffold242" 125500
"Scaffold242" 126500
"Scaffold242" 195500
"Scaffold242" 196500
"Scaffold242" 233500
"Scaffold242" 234500
"Scaffold242" 235500
"Scaffold242" 259500
"Scaffold242" 260500
"Scaffold242" 261500
"Scaffold243" 2500
"Scaffold243" 3500
"Scaffold243" 4500
"Scaffold243" 134500
"Scaffold243" 135500
"Scaffold243" 192500
"Scaffold243" 193500
"Scaffold243" 194500
"Scaffold243" 195500
"Scaffold243" 196500
"Scaffold243" 387500
"Scaffold243" 533500
"Scaffold243" 534500
"Scaffold243" 548500
"Scaffold244" 2500
"Scaffold244" 3500
"Scaffold244" 4500
"Scaffold244" 434500
"Scaffold245" 339500
"Scaffold245" 583500
"Scaffold245" 584500
"Scaffold245" 585500
"Scaffold247" 458500
"Scaffold250" 501500
"Scaffold252" 244500
"Scaffold253" 106500
"Scaffold253" 124500
"Scaffold253" 125500
"Scaffold253" 126500
"Scaffold253" 127500
"Scaffold253" 237500
"Scaffold253" 345500
"Scaffold253" 406500
"Scaffold253" 407500
"Scaffold253" 409500
"Scaffold253" 506500
"Scaffold253" 507500
"Scaffold253" 508500
"Scaffold253" 566500
"Scaffold253" 567500
"Scaffold253" 568500
"Scaffold253" 569500
"Scaffold253" 570500
"Scaffold253" 571500
"Scaffold253" 572500
"Scaffold253" 662500
"Scaffold254" 322500
"Scaffold254" 525500
"Scaffold255" 99500
"Scaffold255" 448500
"Scaffold255" 449500
"Scaffold258" 354500
"Scaffold258" 355500
"Scaffold258" 356500
"Scaffold258" 357500
"Scaffold258" 358500
"Scaffold258" 359500
"Scaffold258" 360500
"Scaffold258" 361500
"Scaffold258" 368500
"Scaffold258" 379500
"Scaffold258" 389500
"Scaffold258" 390500
"Scaffold258" 391500
"Scaffold258" 392500
"Scaffold258" 489500
"Scaffold258" 490500
"Scaffold258" 491500
"Scaffold258" 492500
"Scaffold258" 570500
"Scaffold258" 571500
"Scaffold258" 586500
"Scaffold259" 560500
"Scaffold259" 570500
"Scaffold259" 571500
"Scaffold259" 572500
"Scaffold259" 573500
"Scaffold259" 574500
"Scaffold260" 72500
"Scaffold260" 73500
"Scaffold260" 74500
"Scaffold260" 433500
"Scaffold260" 434500
"Scaffold260" 435500
"Scaffold260" 436500
"Scaffold261" 156500
"Scaffold261" 157500
"Scaffold261" 158500
"Scaffold261" 159500
"Scaffold262" 230500
"Scaffold263" 132500
"Scaffold263" 133500
"Scaffold263" 211500
"Scaffold263" 215500
"Scaffold264" 57500
"Scaffold264" 58500
"Scaffold264" 59500
"Scaffold265" 388500
"Scaffold265" 389500
"Scaffold265" 390500
"Scaffold265" 391500
"Scaffold266" 64500
"Scaffold267" 450500
"Scaffold272" 293500
"Scaffold273" 10500
"Scaffold273" 11500
"Scaffold273" 12500
"Scaffold273" 13500
"Scaffold273" 371500
"Scaffold273" 372500
"Scaffold273" 373500
"Scaffold275" 150500
"Scaffold275" 151500
"Scaffold275" 152500
"Scaffold275" 153500
"Scaffold275" 154500
"Scaffold277" 426500
"Scaffold277" 427500
"Scaffold277" 429500
"Scaffold278" 108500
"Scaffold278" 109500
"Scaffold278" 166500
"Scaffold278" 167500
"Scaffold278" 168500
"Scaffold280" 167500
"Scaffold281" 171500
"Scaffold281" 172500
"Scaffold282" 71500
"Scaffold282" 72500
"Scaffold282" 73500
"Scaffold282" 108500
"Scaffold282" 109500
"Scaffold283" 507500
"Scaffold283" 508500
"Scaffold283" 509500
"Scaffold285" 351500
"Scaffold285" 352500
"Scaffold285" 353500
"Scaffold285" 364500
"Scaffold285" 365500
"Scaffold285" 366500
"Scaffold285" 367500
"Scaffold285" 368500
"Scaffold286" 121500
"Scaffold286" 122500
"Scaffold287" 270500
"Scaffold287" 343500
"Scaffold288" 516500
"Scaffold288" 705500
"Scaffold288" 706500
"Scaffold288" 707500
"Scaffold288" 708500
"Scaffold289" 226500
"Scaffold289" 227500
"Scaffold291" 377500
"Scaffold293" 76500
"Scaffold293" 77500
"Scaffold294" 294500
"Scaffold294" 296500
"Scaffold295" 260500
"Scaffold298" 49500
"Scaffold298" 50500
"Scaffold298" 51500
"Scaffold298" 145500
"Scaffold298" 146500
"Scaffold298" 272500
"Scaffold298" 273500
"Scaffold298" 414500
"Scaffold300" 285500
"Scaffold300" 286500
"Scaffold301" 56500
"Scaffold301" 174500
"Scaffold301" 175500
"Scaffold301" 211500
"Scaffold301" 212500
"Scaffold301" 391500
"Scaffold304" 6500
"Scaffold305" 206500
"Scaffold306" 193500
"Scaffold306" 194500
"Scaffold309" 61500
"Scaffold311" 478500
"Scaffold312" 408500
"Scaffold312" 410500
"Scaffold312" 411500
"Scaffold312" 412500
"Scaffold313" 2500
"Scaffold313" 3500
"Scaffold313" 4500
"Scaffold313" 5500
"Scaffold313" 6500
"Scaffold314" 49500
"Scaffold315" 231500
"Scaffold319" 379500
"Scaffold319" 380500
"Scaffold320" 333500
"Scaffold320" 367500
"Scaffold321" 40500
"Scaffold321" 231500
"Scaffold321" 232500
"Scaffold321" 249500
"Scaffold321" 572500
"Scaffold321" 573500
"Scaffold322" 334500
"Scaffold322" 335500
"Scaffold322" 336500
"Scaffold322" 481500
"Scaffold322" 507500
"Scaffold325" 202500
"Scaffold325" 203500
"Scaffold325" 208500
"Scaffold326" 135500
"Scaffold327" 75500
"Scaffold327" 76500
"Scaffold327" 77500
"Scaffold327" 78500
"Scaffold327" 79500
"Scaffold330" 57500
"Scaffold330" 58500
"Scaffold330" 59500
"Scaffold330" 60500
"Scaffold330" 61500
"Scaffold330" 69500
"Scaffold330" 70500
"Scaffold330" 71500
"Scaffold333" 292500
"Scaffold333" 293500
"Scaffold334" 158500
"Scaffold336" 350500
"Scaffold336" 351500
"Scaffold336" 352500
"Scaffold336" 353500
"Scaffold339" 116500
"Scaffold339" 117500
"Scaffold339" 118500
"Scaffold340" 128500
"Scaffold340" 208500
"Scaffold340" 244500
"Scaffold340" 245500
"Scaffold340" 246500
"Scaffold340" 399500
"Scaffold341" 43500
"Scaffold342" 416500
"Scaffold344" 199500
"Scaffold345" 111500
"Scaffold345" 112500
"Scaffold346" 243500
"Scaffold346" 244500
"Scaffold347" 328500
"Scaffold347" 329500
"Scaffold349" 229500
"Scaffold351" 77500
"Scaffold351" 78500
"Scaffold351" 407500
"Scaffold351" 408500
"Scaffold351" 409500
"Scaffold353" 322500
"Scaffold353" 323500
"Scaffold353" 324500
"Scaffold354" 263500
"Scaffold354" 264500
"Scaffold357" 103500
"Scaffold357" 104500
"Scaffold358" 108500
"Scaffold358" 109500
"Scaffold358" 110500
"Scaffold360" 53500
"Scaffold360" 55500
"Scaffold361" 394500
"Scaffold361" 395500
"Scaffold361" 396500
"Scaffold362" 307500
"Scaffold362" 308500
"Scaffold362" 309500
"Scaffold362" 310500
"Scaffold363" 240500
"Scaffold363" 242500
"Scaffold364" 281500
"Scaffold365" 231500
"Scaffold368" 215500
"Scaffold368" 216500
"Scaffold371" 481500
"Scaffold374" 113500
"Scaffold376" 63500
"Scaffold376" 64500
"Scaffold376" 115500
"Scaffold376" 116500
"Scaffold377" 375500
"Scaffold377" 376500
"Scaffold378" 2500
"Scaffold378" 237500
"Scaffold379" 357500
"Scaffold380" 220500
"Scaffold380" 221500
"Scaffold382" 201500
"Scaffold384" 280500
"Scaffold384" 281500
"Scaffold384" 282500
"Scaffold384" 283500
"Scaffold384" 427500
"Scaffold384" 428500
"Scaffold384" 429500
"Scaffold384" 430500
"Scaffold384" 431500
"Scaffold385" 192500
"Scaffold386" 213500
"Scaffold386" 214500
"Scaffold386" 216500
"Scaffold386" 217500
"Scaffold389" 22500
"Scaffold389" 218500
"Scaffold389" 219500
"Scaffold389" 220500
"Scaffold389" 221500
"Scaffold389" 222500
"Scaffold389" 223500
"Scaffold389" 227500
"Scaffold390" 430500
"Scaffold390" 431500
"Scaffold394" 85500
"Scaffold395" 171500
"Scaffold395" 179500
"Scaffold395" 180500
"Scaffold395" 181500
"Scaffold395" 182500
"Scaffold398" 139500
"Scaffold398" 140500
"Scaffold398" 141500
"Scaffold400" 276500
"Scaffold408" 77500
"Scaffold409" 342500
"Scaffold410" 17500
"Scaffold410" 312500
"Scaffold410" 313500
"Scaffold413" 271500
"Scaffold413" 272500
"Scaffold413" 273500
"Scaffold413" 307500
"Scaffold414" 79500
"Scaffold415" 10500
"Scaffold416" 114500
"Scaffold416" 115500
"Scaffold416" 316500
"Scaffold416" 317500
"Scaffold416" 318500
"Scaffold418" 184500
"Scaffold419" 145500
"Scaffold421" 157500
"Scaffold421" 158500
"Scaffold421" 159500
"Scaffold421" 160500
"Scaffold424" 328500
"Scaffold425" 120500
"Scaffold425" 121500
"Scaffold428" 212500
"Scaffold430" 58500
"Scaffold430" 59500
"Scaffold430" 60500
"Scaffold430" 97500
"Scaffold430" 177500
"Scaffold430" 187500
"Scaffold430" 188500
"Scaffold430" 245500
"Scaffold430" 284500
"Scaffold430" 285500
"Scaffold430" 286500
"Scaffold431" 2500
"Scaffold431" 3500
"Scaffold431" 4500
"Scaffold431" 5500
"Scaffold436" 236500
"Scaffold438" 16500
"Scaffold438" 143500
"Scaffold443" 118500
"Scaffold444" 393500
"Scaffold447" 227500
"Scaffold447" 310500
"Scaffold447" 311500
"Scaffold447" 312500
"Scaffold447" 313500
"Scaffold449" 269500
"Scaffold452" 149500
"Scaffold452" 304500
"Scaffold453" 97500
"Scaffold454" 189500
"Scaffold456" 166500
"Scaffold457" 64500
"Scaffold457" 65500
"Scaffold457" 66500
"Scaffold457" 85500
"Scaffold457" 155500
"Scaffold457" 158500
"Scaffold457" 182500
"Scaffold459" 172500
"Scaffold459" 262500
"Scaffold459" 263500
"Scaffold459" 264500
"Scaffold459" 265500
"Scaffold459" 266500
"Scaffold461" 84500
"Scaffold461" 85500
"Scaffold461" 86500
"Scaffold461" 266500
"Scaffold462" 20500
"Scaffold462" 21500
"Scaffold462" 22500
"Scaffold462" 23500
"Scaffold462" 24500
"Scaffold462" 185500
"Scaffold463" 161500
"Scaffold464" 33500
"Scaffold464" 225500
"Scaffold464" 226500
"Scaffold464" 227500
"Scaffold465" 178500
"Scaffold465" 219500
"Scaffold465" 220500
"Scaffold465" 221500
"Scaffold465" 222500
"Scaffold465" 223500
"Scaffold465" 241500
"Scaffold465" 242500
"Scaffold474" 119500
"Scaffold474" 120500
"Scaffold474" 121500
"Scaffold474" 128500
"Scaffold478" 323500
"Scaffold478" 334500
"Scaffold479" 109500
"Scaffold479" 278500
"Scaffold481" 226500
"Scaffold481" 227500
"Scaffold483" 125500
"Scaffold484" 47500
"Scaffold484" 176500
"Scaffold484" 177500
"Scaffold486" 29500
"Scaffold486" 134500
"Scaffold486" 194500
"Scaffold486" 195500
"Scaffold486" 196500
"Scaffold486" 197500
"Scaffold489" 56500
"Scaffold492" 173500
"Scaffold492" 195500
"Scaffold492" 196500
"Scaffold492" 197500
"Scaffold494" 13500
"Scaffold495" 61500
"Scaffold495" 62500
"Scaffold495" 63500
"Scaffold495" 64500
"Scaffold495" 77500
"Scaffold495" 78500
"Scaffold495" 188500
"Scaffold495" 189500
"Scaffold495" 190500
"Scaffold495" 191500
"Scaffold498" 124500
"Scaffold499" 25500
"Scaffold499" 26500
"Scaffold499" 98500
"Scaffold502" 312500
"Scaffold502" 313500
"Scaffold505" 182500
"Scaffold506" 183500
"Scaffold507" 30500
"Scaffold507" 31500
"Scaffold507" 32500
"Scaffold507" 33500
"Scaffold507" 34500
"Scaffold507" 36500
"Scaffold511" 2500
"Scaffold513" 159500
"Scaffold515" 33500
"Scaffold516" 12500
"Scaffold521" 177500
"Scaffold523" 25500
"Scaffold523" 59500
"Scaffold523" 61500
"Scaffold523" 62500
"Scaffold523" 63500
"Scaffold523" 64500
"Scaffold523" 65500
"Scaffold524" 257500
"Scaffold524" 258500
"Scaffold530" 49500
"Scaffold530" 50500
"Scaffold530" 122500
"Scaffold530" 123500
"Scaffold530" 242500
"Scaffold531" 14500
"Scaffold534" 24500
"Scaffold536" 231500
"Scaffold539" 125500
"Scaffold542" 3500
"Scaffold543" 213500
"Scaffold544" 73500
"Scaffold544" 183500
"Scaffold547" 127500
"Scaffold547" 128500
"Scaffold550" 76500
"Scaffold550" 77500
"Scaffold552" 85500
"Scaffold552" 154500
"Scaffold552" 155500
"Scaffold552" 156500
"Scaffold552" 175500
"Scaffold552" 176500
"Scaffold554" 71500
"Scaffold554" 72500
"Scaffold558" 84500
"Scaffold563" 178500
"Scaffold565" 107500
"Scaffold566" 140500
"Scaffold567" 27500
"Scaffold569" 250500
"Scaffold569" 251500
"Scaffold569" 252500
"Scaffold572" 2500
"Scaffold572" 123500
"Scaffold572" 124500
"Scaffold572" 125500
"Scaffold572" 126500
"Scaffold572" 127500
"Scaffold572" 128500
"Scaffold572" 129500
"Scaffold572" 130500
"Scaffold573" 3500
"Scaffold574" 18500
"Scaffold574" 19500
"Scaffold574" 118500
"Scaffold574" 119500
"Scaffold576" 87500
"Scaffold576" 88500
"Scaffold576" 89500
"Scaffold576" 90500
"Scaffold576" 133500
"Scaffold576" 134500
"Scaffold577" 97500
"Scaffold577" 98500
"Scaffold577" 135500
"Scaffold577" 136500
"Scaffold577" 137500
"Scaffold577" 138500
"Scaffold577" 139500
"Scaffold579" 129500
"Scaffold581" 27500
"Scaffold581" 59500
"Scaffold582" 158500
"Scaffold583" 58500
"Scaffold583" 59500
"Scaffold589" 116500
"Scaffold590" 32500
"Scaffold590" 33500
"Scaffold590" 165500
"Scaffold596" 14500
"Scaffold596" 148500
"Scaffold597" 89500
"Scaffold597" 90500
"Scaffold597" 145500
"Scaffold597" 146500
"Scaffold598" 53500
"Scaffold598" 54500
"Scaffold599" 5500
"Scaffold599" 6500
"Scaffold599" 61500
"Scaffold612" 98500
"Scaffold613" 152500
"Scaffold613" 153500
"Scaffold613" 154500
"Scaffold613" 177500
"Scaffold613" 201500
"Scaffold613" 206500
"Scaffold613" 207500
"Scaffold613" 208500
"Scaffold613" 209500
"Scaffold613" 210500
"Scaffold616" 94500
"Scaffold616" 95500
"Scaffold616" 96500
"Scaffold616" 97500
"Scaffold617" 83500
"Scaffold617" 84500
"Scaffold621" 8500
"Scaffold622" 94500
"Scaffold622" 95500
"Scaffold623" 92500
"Scaffold629" 83500
"Scaffold629" 84500
"Scaffold629" 87500
"Scaffold629" 88500
"Scaffold629" 89500
"Scaffold629" 90500
"Scaffold629" 91500
"Scaffold630" 96500
"Scaffold644" 77500
"Scaffold646" 31500
"Scaffold648" 8500
"Scaffold648" 9500
"Scaffold648" 10500
"Scaffold651" 44500
"Scaffold651" 114500
"Scaffold651" 115500
"Scaffold651" 116500
"Scaffold655" 17500
"Scaffold658" 17500
"Scaffold660" 49500
"Scaffold660" 117500
"Scaffold661" 65500
"Scaffold666" 60500
"Scaffold667" 13500
"Scaffold667" 14500
"Scaffold667" 15500
"Scaffold667" 16500
"Scaffold667" 17500
"Scaffold667" 42500
"Scaffold667" 43500
"Scaffold670" 56500
"Scaffold703" 64500
"Scaffold708" 34500
"Scaffold708" 35500
"Scaffold708" 36500
"Scaffold712" 72500
"Scaffold720" 131500
"Scaffold722" 129500
"Scaffold723" 13500
"Scaffold726" 66500
"Scaffold734" 64500
"Scaffold734" 65500
"Scaffold734" 66500
"Scaffold736" 33500
"Scaffold736" 34500
"Scaffold737" 47500
"Scaffold742" 15500
"Scaffold743" 41500
"Scaffold743" 42500
"Scaffold743" 43500
"Scaffold743" 44500
"Scaffold743" 45500
"Scaffold743" 77500
"Scaffold743" 78500
"Scaffold743" 79500
"Scaffold743" 80500
"Scaffold743" 81500
"Scaffold745" 26500
"Scaffold745" 27500
"Scaffold769" 44500
"Scaffold769" 45500
"Scaffold779" 37500
"Scaffold779" 38500
"Scaffold809" 10500
"Scaffold809" 11500
"Scaffold809" 12500
"Scaffold809" 13500
"Scaffold815" 67500
"Scaffold816" 47500
"Scaffold823" 22500
"Scaffold823" 23500
"Scaffold823" 24500
"Scaffold836" 2500
"Scaffold836" 3500
"Scaffold836" 4500
"Scaffold839" 31500
"Scaffold839" 32500
"Scaffold839" 33500
"Scaffold839" 34500
"Scaffold839" 35500
"Scaffold842" 20500
"Scaffold842" 21500
"Scaffold849" 10500
"Scaffold853" 20500
"Scaffold888" 42500
"Scaffold888" 43500
"Scaffold888" 44500
"Scaffold888" 45500
"Scaffold888" 46500
"Scaffold901" 46500
"Scaffold908" 18500
"Scaffold1039" 13500
"Scaffold1039" 14500
"Scaffold1039" 15500
"Scaffold1086" 10500
"Scaffold1086" 11500
"Scaffold1094" 9500
"Scaffold1094" 10500
"Scaffold1094" 12500
"Scaffold1094" 14500
"Scaffold1186" 2500
"Scaffold1186" 3500
"Scaffold1186" 4500
"Scaffold1186" 7500
"Scaffold1186" 8500
"Scaffold1186" 9500
"Scaffold1186" 10500
"Scaffold1186" 11500
"Scaffold1312" 2500
"Scaffold1312" 3500
"Scaffold1324" 10500
"Scaffold1417" 6500
"Scaffold1417" 7500
"Scaffold1417" 8500
"Scaffold1417" 9500
"Scaffold1417" 10500
"Scaffold1511" 2500
"Scaffold1515" 7500
"Scaffold1515" 8500
"Scaffold1515" 9500
"Scaffold1608" 4500
"Scaffold1608" 5500
"Scaffold1713" 2500
"Scaffold1713" 3500
"Scaffold1880" 4500
"Scaffold1946" 5500
"Scaffold2327" 2500
"Scaffold2327" 3500
"Scaffold2346" 2500
"Scaffold2346" 3500
"Scaffold2463" 2500
"Scaffold2463" 3500
"Scaffold2499" 2500
"Scaffold2767" 2500
"Scaffold2813" 3500
"Scaffold2934" 6500
"Scaffold3120" 2500
"Scaffold3123" 2500
"Scaffold3203" 2500
"Scaffold3228" 2500
"Scaffold3228" 3500
"Scaffold3228" 4500
"Scaffold3294" 2500
"Scaffold3318" 4500
"Scaffold3406" 2500
"Scaffold3543" 2500
"Scaffold3663" 3500
"Scaffold3666" 4500
"Scaffold3666" 5500
"Scaffold3694" 2500
"Scaffold3710" 2500
"Scaffold3811" 2500
"Scaffold3864" 2500
"Scaffold3906" 2500
"Scaffold3945" 2500
"Scaffold3987" 2500
"Scaffold4281" 2500
"Scaffold4389" 2500
"Scaffold4750" 2500
"Scaffold5019" 2500
"Scaffold5101" 2500
"Scaffold5129" 2500
"Scaffold5373" 2500
"Scaffold5391" 2500
"Scaffold5421" 2500
"Scaffold5675" 2500
"Scaffold5707" 2500
"Scaffold5725" 2500
"Scaffold6408" 2500
"Scaffold6594" 2500
"Scaffold6765" 2500
"Scaffold6767" 2500
"Scaffold6878" 2500
