"Scaffold2" 1884500
"Scaffold2" 1885500
"Scaffold2" 1886500
"Scaffold3" 190500
"Scaffold3" 191500
"Scaffold3" 192500
"Scaffold3" 193500
"Scaffold3" 1210500
"Scaffold3" 1211500
"Scaffold3" 1264500
"Scaffold3" 1550500
"Scaffold3" 2265500
"Scaffold3" 4210500
"Scaffold6" 2587500
"Scaffold8" 1144500
"Scaffold9" 703500
"Scaffold9" 705500
"Scaffold9" 1406500
"Scaffold9" 1540500
"Scaffold9" 1541500
"Scaffold9" 1542500
"Scaffold11" 2386500
"Scaffold13" 2272500
"Scaffold14" 1235500
"Scaffold14" 1236500
"Scaffold14" 1237500
"Scaffold14" 1238500
"Scaffold14" 1239500
"Scaffold17" 10500
"Scaffold17" 11500
"Scaffold17" 419500
"Scaffold19" 485500
"Scaffold19" 1292500
"Scaffold19" 1293500
"Scaffold19" 1294500
"Scaffold19" 2127500
"Scaffold20" 204500
"Scaffold20" 205500
"Scaffold20" 2106500
"Scaffold24" 1374500
"Scaffold24" 1375500
"Scaffold24" 1376500
"Scaffold26" 521500
"Scaffold26" 771500
"Scaffold26" 824500
"Scaffold26" 1487500
"Scaffold26" 1947500
"Scaffold32" 440500
"Scaffold32" 441500
"Scaffold32" 1250500
"Scaffold32" 1251500
"Scaffold32" 1252500
"Scaffold32" 1253500
"Scaffold32" 1254500
"Scaffold42" 810500
"Scaffold42" 814500
"Scaffold43" 894500
"Scaffold45" 561500
"Scaffold45" 708500
"Scaffold45" 767500
"Scaffold45" 768500
"Scaffold45" 769500
"Scaffold46" 1670500
"Scaffold56" 833500
"Scaffold56" 1198500
"Scaffold56" 1199500
"Scaffold56" 1200500
"Scaffold57" 157500
"Scaffold57" 955500
"Scaffold57" 956500
"Scaffold58" 1321500
"Scaffold58" 1365500
"Scaffold58" 1366500
"Scaffold58" 1367500
"Scaffold59" 845500
"Scaffold60" 399500
"Scaffold60" 400500
"Scaffold68" 566500
"Scaffold68" 567500
"Scaffold68" 585500
"Scaffold68" 586500
"Scaffold68" 587500
"Scaffold68" 588500
"Scaffold68" 630500
"Scaffold68" 642500
"Scaffold68" 643500
"Scaffold68" 644500
"Scaffold68" 665500
"Scaffold68" 666500
"Scaffold68" 667500
"Scaffold68" 668500
"Scaffold68" 669500
"Scaffold68" 696500
"Scaffold73" 682500
"Scaffold73" 683500
"Scaffold73" 684500
"Scaffold80" 540500
"Scaffold81" 1075500
"Scaffold82" 283500
"Scaffold82" 284500
"Scaffold82" 1220500
"Scaffold82" 1222500
"Scaffold84" 1035500
"Scaffold85" 858500
"Scaffold90" 1077500
"Scaffold97" 880500
"Scaffold103" 324500
"Scaffold103" 565500
"Scaffold109" 880500
"Scaffold109" 881500
"Scaffold109" 882500
"Scaffold112" 203500
"Scaffold113" 490500
"Scaffold114" 765500
"Scaffold114" 967500
"Scaffold115" 892500
"Scaffold118" 686500
"Scaffold120" 922500
"Scaffold126" 333500
"Scaffold126" 334500
"Scaffold130" 779500
"Scaffold132" 769500
"Scaffold133" 550500
"Scaffold136" 6500
"Scaffold145" 183500
"Scaffold147" 510500
"Scaffold148" 965500
"Scaffold154" 732500
"Scaffold163" 114500
"Scaffold172" 240500
"Scaffold172" 241500
"Scaffold182" 143500
"Scaffold182" 144500
"Scaffold183" 586500
"Scaffold183" 587500
"Scaffold183" 588500
"Scaffold183" 589500
"Scaffold183" 590500
"Scaffold183" 772500
"Scaffold185" 597500
"Scaffold185" 598500
"Scaffold185" 599500
"Scaffold208" 26500
"Scaffold208" 27500
"Scaffold210" 457500
"Scaffold210" 631500
"Scaffold210" 632500
"Scaffold210" 633500
"Scaffold210" 634500
"Scaffold210" 635500
"Scaffold228" 73500
"Scaffold228" 74500
"Scaffold243" 194500
"Scaffold253" 406500
"Scaffold253" 407500
"Scaffold253" 409500
"Scaffold254" 322500
"Scaffold258" 354500
"Scaffold258" 355500
"Scaffold258" 356500
"Scaffold258" 357500
"Scaffold258" 358500
"Scaffold258" 359500
"Scaffold258" 360500
"Scaffold258" 361500
"Scaffold258" 379500
"Scaffold259" 560500
"Scaffold259" 570500
"Scaffold259" 571500
"Scaffold259" 572500
"Scaffold259" 573500
"Scaffold259" 574500
"Scaffold275" 150500
"Scaffold275" 151500
"Scaffold275" 152500
"Scaffold275" 153500
"Scaffold281" 171500
"Scaffold281" 172500
"Scaffold291" 377500
"Scaffold301" 174500
"Scaffold301" 175500
"Scaffold321" 40500
"Scaffold325" 202500
"Scaffold325" 203500
"Scaffold334" 158500
"Scaffold357" 103500
"Scaffold357" 104500
"Scaffold358" 110500
"Scaffold378" 237500
"Scaffold384" 427500
"Scaffold384" 428500
"Scaffold384" 429500
"Scaffold384" 430500
"Scaffold384" 431500
"Scaffold414" 79500
"Scaffold416" 316500
"Scaffold416" 317500
"Scaffold416" 318500
"Scaffold428" 212500
"Scaffold430" 284500
"Scaffold430" 285500
"Scaffold430" 286500
"Scaffold447" 227500
"Scaffold447" 312500
"Scaffold447" 313500
"Scaffold452" 149500
"Scaffold456" 166500
"Scaffold457" 85500
"Scaffold461" 85500
"Scaffold461" 86500
"Scaffold463" 161500
"Scaffold483" 125500
"Scaffold495" 77500
"Scaffold495" 78500
"Scaffold521" 177500
"Scaffold552" 176500
"Scaffold565" 107500
"Scaffold572" 2500
"Scaffold572" 123500
"Scaffold574" 18500
"Scaffold577" 135500
"Scaffold577" 136500
"Scaffold577" 137500
"Scaffold577" 138500
"Scaffold577" 139500
"Scaffold581" 27500
"Scaffold581" 59500
"Scaffold612" 98500
"Scaffold613" 177500
"Scaffold613" 207500
"Scaffold617" 83500
"Scaffold617" 84500
"Scaffold629" 83500
"Scaffold629" 84500
"Scaffold660" 49500
"Scaffold666" 60500
"Scaffold667" 13500
"Scaffold667" 14500
"Scaffold667" 15500
"Scaffold667" 16500
"Scaffold667" 17500
"Scaffold839" 31500
"Scaffold839" 32500
"Scaffold839" 33500
"Scaffold839" 34500
"Scaffold839" 35500
"Scaffold1186" 7500
"Scaffold1186" 8500
"Scaffold1186" 9500
"Scaffold1186" 10500
"Scaffold1186" 11500
"Scaffold2346" 2500
"Scaffold3228" 2500
"Scaffold3228" 3500
"Scaffold3228" 4500
"Scaffold3987" 2500
"Scaffold5101" 2500
"Scaffold5707" 2500
